{"meta": {"format": 3, "version": "7.12.0", "timestamp": "2025-11-20T15:59:28.676484", "branch_coverage": true, "show_contexts": false}, "files": {"src/seapopym_message/__init__.py": {"executed_lines": [1, 7, 10, 11, 12, 19, 27], "summary": {"covered_lines": 6, "num_statements": 6, "percent_covered": 100.0, "percent_covered_display": "100", "missing_lines": 0, "excluded_lines": 0, "percent_statements_covered": 100.0, "percent_statements_covered_display": "100", "num_branches": 0, "num_partial_branches": 0, "covered_branches": 0, "missing_branches": 0, "percent_branches_covered": 100.0, "percent_branches_covered_display": "100"}, "missing_lines": [], "excluded_lines": [], "executed_branches": [], "missing_branches": [], "functions": {"": {"executed_lines": [1, 7, 10, 11, 12, 19, 27], "summary": {"covered_lines": 6, "num_statements": 6, "percent_covered": 100.0, "percent_covered_display": "100", "missing_lines": 0, "excluded_lines": 0, "percent_statements_covered": 100.0, "percent_statements_covered_display": "100", "num_branches": 0, "num_partial_branches": 0, "covered_branches": 0, "missing_branches": 0, "percent_branches_covered": 100.0, "percent_branches_covered_display": "100"}, "missing_lines": [], "excluded_lines": [], "executed_branches": [], "missing_branches": []}}, "classes": {"": {"executed_lines": [1, 7, 10, 11, 12, 19, 27], "summary": {"covered_lines": 6, "num_statements": 6, "percent_covered": 100.0, "percent_covered_display": "100", "missing_lines": 0, "excluded_lines": 0, "percent_statements_covered": 100.0, "percent_statements_covered_display": "100", "num_branches": 0, "num_partial_branches": 0, "covered_branches": 0, "missing_branches": 0, "percent_branches_covered": 100.0, "percent_branches_covered_display": "100"}, "missing_lines": [], "excluded_lines": [], "executed_branches": [], "missing_branches": []}}}, "src/seapopym_message/core/__init__.py": {"executed_lines": [1, 3, 4, 6], "summary": {"covered_lines": 3, "num_statements": 3, "percent_covered": 100.0, "percent_covered_display": "100", "missing_lines": 0, "excluded_lines": 0, "percent_statements_covered": 100.0, "percent_statements_covered_display": "100", "num_branches": 0, "num_partial_branches": 0, "covered_branches": 0, "missing_branches": 0, "percent_branches_covered": 100.0, "percent_branches_covered_display": "100"}, "missing_lines": [], "excluded_lines": [], "executed_branches": [], "missing_branches": [], "functions": {"": {"executed_lines": [1, 3, 4, 6], "summary": {"covered_lines": 3, "num_statements": 3, "percent_covered": 100.0, "percent_covered_display": "100", "missing_lines": 0, "excluded_lines": 0, "percent_statements_covered": 100.0, "percent_statements_covered_display": "100", "num_branches": 0, "num_partial_branches": 0, "covered_branches": 0, "missing_branches": 0, "percent_branches_covered": 100.0, "percent_branches_covered_display": "100"}, "missing_lines": [], "excluded_lines": [], "executed_branches": [], "missing_branches": []}}, "classes": {"": {"executed_lines": [1, 3, 4, 6], "summary": {"covered_lines": 3, "num_statements": 3, "percent_covered": 100.0, "percent_covered_display": "100", "missing_lines": 0, "excluded_lines": 0, "percent_statements_covered": 100.0, "percent_statements_covered_display": "100", "num_branches": 0, "num_partial_branches": 0, "covered_branches": 0, "missing_branches": 0, "percent_branches_covered": 100.0, "percent_branches_covered_display": "100"}, "missing_lines": [], "excluded_lines": [], "executed_branches": [], "missing_branches": []}}}, "src/seapopym_message/core/kernel.py": {"executed_lines": [1, 9, 11, 14, 15, 49, 55, 56, 57, 58, 62, 63, 65, 67, 68, 70, 72, 96, 97, 98, 99, 101, 137, 138, 139, 140, 143, 144, 145, 146, 148, 154, 156, 163, 166, 167, 170, 171, 172, 174, 175, 178, 179, 180, 181, 182, 184, 198, 199, 204, 205, 209, 210, 211, 214, 215, 218, 221, 222, 223, 224, 230, 231, 232, 235, 236, 238, 240, 241, 244, 245, 246, 247, 250, 251, 252, 257], "summary": {"covered_lines": 75, "num_statements": 77, "percent_covered": 95.9349593495935, "percent_covered_display": "96", "missing_lines": 2, "excluded_lines": 0, "percent_statements_covered": 97.40259740259741, "percent_statements_covered_display": "97", "num_branches": 46, "num_partial_branches": 3, "covered_branches": 43, "missing_branches": 3, "percent_branches_covered": 93.47826086956522, "percent_branches_covered_display": "93"}, "missing_lines": [141, 217], "excluded_lines": [], "executed_branches": [[96, 97], [96, 99], [138, 139], [138, 140], [140, 143], [143, 144], [143, 146], [170, 171], [170, 178], [171, 172], [171, 175], [172, 171], [172, 174], [178, -156], [178, 179], [179, 180], [179, 182], [180, 179], [180, 181], [198, 199], [198, 204], [210, 211], [210, 221], [211, 210], [211, 214], [214, 211], [214, 215], [215, 218], [221, 222], [221, 235], [222, 221], [222, 223], [223, 222], [223, 224], [230, 231], [238, 240], [238, 250], [244, 238], [244, 245], [246, 244], [246, 247], [250, 251], [250, 257]], "missing_branches": [[140, 141], [215, 217], [230, 222]], "functions": {"Kernel.__init__": {"executed_lines": [55, 56, 57, 58], "summary": {"covered_lines": 4, "num_statements": 4, "percent_covered": 100.0, "percent_covered_display": "100", "missing_lines": 0, "excluded_lines": 0, "percent_statements_covered": 100.0, "percent_statements_covered_display": "100", "num_branches": 0, "num_partial_branches": 0, "covered_branches": 0, "missing_branches": 0, "percent_branches_covered": 100.0, "percent_branches_covered_display": "100"}, "missing_lines": [], "excluded_lines": [], "executed_branches": [], "missing_branches": []}, "Kernel.local_units": {"executed_lines": [65], "summary": {"covered_lines": 1, "num_statements": 1, "percent_covered": 100.0, "percent_covered_display": "100", "missing_lines": 0, "excluded_lines": 0, "percent_statements_covered": 100.0, "percent_statements_covered_display": "100", "num_branches": 0, "num_partial_branches": 0, "covered_branches": 0, "missing_branches": 0, "percent_branches_covered": 100.0, "percent_branches_covered_display": "100"}, "missing_lines": [], "excluded_lines": [], "executed_branches": [], "missing_branches": []}, "Kernel.global_units": {"executed_lines": [70], "summary": {"covered_lines": 1, "num_statements": 1, "percent_covered": 100.0, "percent_covered_display": "100", "missing_lines": 0, "excluded_lines": 0, "percent_statements_covered": 100.0, "percent_statements_covered_display": "100", "num_branches": 0, "num_partial_branches": 0, "covered_branches": 0, "missing_branches": 0, "percent_branches_covered": 100.0, "percent_branches_covered_display": "100"}, "missing_lines": [], "excluded_lines": [], "executed_branches": [], "missing_branches": []}, "Kernel.execute_local_phase": {"executed_lines": [96, 97, 98, 99], "summary": {"covered_lines": 4, "num_statements": 4, "percent_covered": 100.0, "percent_covered_display": "100", "missing_lines": 0, "excluded_lines": 0, "percent_statements_covered": 100.0, "percent_statements_covered_display": "100", "num_branches": 2, "num_partial_branches": 0, "covered_branches": 2, "missing_branches": 0, "percent_branches_covered": 100.0, "percent_branches_covered_display": "100"}, "missing_lines": [], "excluded_lines": [], "executed_branches": [[96, 97], [96, 99]], "missing_branches": []}, "Kernel.execute_global_phase": {"executed_lines": [137, 138, 139, 140, 143, 144, 145, 146], "summary": {"covered_lines": 8, "num_statements": 9, "percent_covered": 86.66666666666667, "percent_covered_display": "87", "missing_lines": 1, "excluded_lines": 0, "percent_statements_covered": 88.88888888888889, "percent_statements_covered_display": "89", "num_branches": 6, "num_partial_branches": 1, "covered_branches": 5, "missing_branches": 1, "percent_branches_covered": 83.33333333333333, "percent_branches_covered_display": "83"}, "missing_lines": [141], "excluded_lines": [], "executed_branches": [[138, 139], [138, 140], [140, 143], [143, 144], [143, 146]], "missing_branches": [[140, 141]]}, "Kernel.has_global_units": {"executed_lines": [154], "summary": {"covered_lines": 1, "num_statements": 1, "percent_covered": 100.0, "percent_covered_display": "100", "missing_lines": 0, "excluded_lines": 0, "percent_statements_covered": 100.0, "percent_statements_covered_display": "100", "num_branches": 0, "num_partial_branches": 0, "covered_branches": 0, "missing_branches": 0, "percent_branches_covered": 100.0, "percent_branches_covered_display": "100"}, "missing_lines": [], "excluded_lines": [], "executed_branches": [], "missing_branches": []}, "Kernel._check_dependencies": {"executed_lines": [163, 166, 167, 170, 171, 172, 174, 175, 178, 179, 180, 181, 182], "summary": {"covered_lines": 13, "num_statements": 13, "percent_covered": 100.0, "percent_covered_display": "100", "missing_lines": 0, "excluded_lines": 0, "percent_statements_covered": 100.0, "percent_statements_covered_display": "100", "num_branches": 12, "num_partial_branches": 0, "covered_branches": 12, "missing_branches": 0, "percent_branches_covered": 100.0, "percent_branches_covered_display": "100"}, "missing_lines": [], "excluded_lines": [], "executed_branches": [[170, 171], [170, 178], [171, 172], [171, 175], [172, 171], [172, 174], [178, -156], [178, 179], [179, 180], [179, 182], [180, 179], [180, 181]], "missing_branches": []}, "Kernel._topological_sort": {"executed_lines": [198, 199, 204, 205, 209, 210, 211, 214, 215, 218, 221, 222, 223, 224, 230, 231, 232, 235, 236, 238, 240, 241, 244, 245, 246, 247, 250, 251, 252, 257], "summary": {"covered_lines": 30, "num_statements": 31, "percent_covered": 94.73684210526316, "percent_covered_display": "95", "missing_lines": 1, "excluded_lines": 0, "percent_statements_covered": 96.7741935483871, "percent_statements_covered_display": "97", "num_branches": 26, "num_partial_branches": 2, "covered_branches": 24, "missing_branches": 2, "percent_branches_covered": 92.3076923076923, "percent_branches_covered_display": "92"}, "missing_lines": [217], "excluded_lines": [], "executed_branches": [[198, 199], [198, 204], [210, 211], [210, 221], [211, 210], [211, 214], [214, 211], [214, 215], [215, 218], [221, 222], [221, 235], [222, 221], [222, 223], [223, 222], [223, 224], [230, 231], [238, 240], [238, 250], [244, 238], [244, 245], [246, 244], [246, 247], [250, 251], [250, 257]], "missing_branches": [[215, 217], [230, 222]]}, "": {"executed_lines": [1, 9, 11, 14, 15, 49, 62, 63, 67, 68, 72, 101, 148, 156, 184], "summary": {"covered_lines": 13, "num_statements": 13, "percent_covered": 100.0, "percent_covered_display": "100", "missing_lines": 0, "excluded_lines": 0, "percent_statements_covered": 100.0, "percent_statements_covered_display": "100", "num_branches": 0, "num_partial_branches": 0, "covered_branches": 0, "missing_branches": 0, "percent_branches_covered": 100.0, "percent_branches_covered_display": "100"}, "missing_lines": [], "excluded_lines": [], "executed_branches": [], "missing_branches": []}}, "classes": {"Kernel": {"executed_lines": [55, 56, 57, 58, 65, 70, 96, 97, 98, 99, 137, 138, 139, 140, 143, 144, 145, 146, 154, 163, 166, 167, 170, 171, 172, 174, 175, 178, 179, 180, 181, 182, 198, 199, 204, 205, 209, 210, 211, 214, 215, 218, 221, 222, 223, 224, 230, 231, 232, 235, 236, 238, 240, 241, 244, 245, 246, 247, 250, 251, 252, 257], "summary": {"covered_lines": 62, "num_statements": 64, "percent_covered": 95.45454545454545, "percent_covered_display": "95", "missing_lines": 2, "excluded_lines": 0, "percent_statements_covered": 96.875, "percent_statements_covered_display": "97", "num_branches": 46, "num_partial_branches": 3, "covered_branches": 43, "missing_branches": 3, "percent_branches_covered": 93.47826086956522, "percent_branches_covered_display": "93"}, "missing_lines": [141, 217], "excluded_lines": [], "executed_branches": [[96, 97], [96, 99], [138, 139], [138, 140], [140, 143], [143, 144], [143, 146], [170, 171], [170, 178], [171, 172], [171, 175], [172, 171], [172, 174], [178, -156], [178, 179], [179, 180], [179, 182], [180, 179], [180, 181], [198, 199], [198, 204], [210, 211], [210, 221], [211, 210], [211, 214], [214, 211], [214, 215], [215, 218], [221, 222], [221, 235], [222, 221], [222, 223], [223, 222], [223, 224], [230, 231], [238, 240], [238, 250], [244, 238], [244, 245], [246, 244], [246, 247], [250, 251], [250, 257]], "missing_branches": [[140, 141], [215, 217], [230, 222]]}, "": {"executed_lines": [1, 9, 11, 14, 15, 49, 62, 63, 67, 68, 72, 101, 148, 156, 184], "summary": {"covered_lines": 13, "num_statements": 13, "percent_covered": 100.0, "percent_covered_display": "100", "missing_lines": 0, "excluded_lines": 0, "percent_statements_covered": 100.0, "percent_statements_covered_display": "100", "num_branches": 0, "num_partial_branches": 0, "covered_branches": 0, "missing_branches": 0, "percent_branches_covered": 100.0, "percent_branches_covered_display": "100"}, "missing_lines": [], "excluded_lines": [], "executed_branches": [], "missing_branches": []}}}, "src/seapopym_message/core/unit.py": {"executed_lines": [1, 12, 13, 14, 15, 17, 20, 21, 22, 42, 43, 44, 45, 46, 47, 48, 49, 51, 53, 54, 56, 58, 60, 62, 64, 66, 68, 77, 79, 94, 95, 96, 97, 102, 105, 128, 131, 132, 133, 134, 135, 136, 139, 142, 143, 144, 147, 148, 149, 153, 154, 160, 161, 162, 165, 166, 169, 202, 203, 205, 206, 216], "summary": {"covered_lines": 60, "num_statements": 70, "percent_covered": 82.3529411764706, "percent_covered_display": "82", "missing_lines": 10, "excluded_lines": 0, "percent_statements_covered": 85.71428571428571, "percent_statements_covered_display": "86", "num_branches": 32, "num_partial_branches": 4, "covered_branches": 24, "missing_branches": 8, "percent_branches_covered": 75.0, "percent_branches_covered_display": "75"}, "missing_lines": [65, 107, 108, 113, 114, 115, 116, 122, 125, 155], "excluded_lines": [], "executed_branches": [[53, 54], [53, 56], [64, 66], [96, 97], [96, 102], [105, 128], [134, 135], [134, 139], [135, 136], [142, 143], [142, 147], [143, 144], [143, 160], [147, 148], [147, 154], [148, 149], [148, 153], [154, 160], [160, 161], [160, 165], [161, 160], [161, 162], [202, 203], [202, 205]], "missing_branches": [[64, 65], [105, 107], [107, 108], [107, 113], [115, 116], [115, 122], [135, 134], [154, 155]], "functions": {"Unit.__post_init__": {"executed_lines": [53, 54, 56], "summary": {"covered_lines": 3, "num_statements": 3, "percent_covered": 100.0, "percent_covered_display": "100", "missing_lines": 0, "excluded_lines": 0, "percent_statements_covered": 100.0, "percent_statements_covered_display": "100", "num_branches": 2, "num_partial_branches": 0, "covered_branches": 2, "missing_branches": 0, "percent_branches_covered": 100.0, "percent_branches_covered_display": "100"}, "missing_lines": [], "excluded_lines": [], "executed_branches": [[53, 54], [53, 56]], "missing_branches": []}, "Unit.__hash__": {"executed_lines": [60], "summary": {"covered_lines": 1, "num_statements": 1, "percent_covered": 100.0, "percent_covered_display": "100", "missing_lines": 0, "excluded_lines": 0, "percent_statements_covered": 100.0, "percent_statements_covered_display": "100", "num_branches": 0, "num_partial_branches": 0, "covered_branches": 0, "missing_branches": 0, "percent_branches_covered": 100.0, "percent_branches_covered_display": "100"}, "missing_lines": [], "excluded_lines": [], "executed_branches": [], "missing_branches": []}, "Unit.__eq__": {"executed_lines": [64, 66], "summary": {"covered_lines": 2, "num_statements": 3, "percent_covered": 60.0, "percent_covered_display": "60", "missing_lines": 1, "excluded_lines": 0, "percent_statements_covered": 66.66666666666667, "percent_statements_covered_display": "67", "num_branches": 2, "num_partial_branches": 1, "covered_branches": 1, "missing_branches": 1, "percent_branches_covered": 50.0, "percent_branches_covered_display": "50"}, "missing_lines": [65], "excluded_lines": [], "executed_branches": [[64, 66]], "missing_branches": [[64, 65]]}, "Unit.can_execute": {"executed_lines": [77], "summary": {"covered_lines": 1, "num_statements": 1, "percent_covered": 100.0, "percent_covered_display": "100", "missing_lines": 0, "excluded_lines": 0, "percent_statements_covered": 100.0, "percent_statements_covered_display": "100", "num_branches": 0, "num_partial_branches": 0, "covered_branches": 0, "missing_branches": 0, "percent_branches_covered": 100.0, "percent_branches_covered_display": "100"}, "missing_lines": [], "excluded_lines": [], "executed_branches": [], "missing_branches": []}, "Unit.execute": {"executed_lines": [94, 95, 96, 97, 102, 105, 128, 131, 132, 133, 134, 135, 136, 139, 142, 143, 144, 147, 148, 149, 153, 154, 160, 161, 162, 165, 166], "summary": {"covered_lines": 27, "num_statements": 36, "percent_covered": 74.19354838709677, "percent_covered_display": "74", "missing_lines": 9, "excluded_lines": 0, "percent_statements_covered": 75.0, "percent_statements_covered_display": "75", "num_branches": 26, "num_partial_branches": 3, "covered_branches": 19, "missing_branches": 7, "percent_branches_covered": 73.07692307692308, "percent_branches_covered_display": "73"}, "missing_lines": [107, 108, 113, 114, 115, 116, 122, 125, 155], "excluded_lines": [], "executed_branches": [[96, 97], [96, 102], [105, 128], [134, 135], [134, 139], [135, 136], [142, 143], [142, 147], [143, 144], [143, 160], [147, 148], [147, 154], [148, 149], [148, 153], [154, 160], [160, 161], [160, 165], [161, 160], [161, 162]], "missing_branches": [[105, 107], [107, 108], [107, 113], [115, 116], [115, 122], [135, 134], [154, 155]]}, "unit": {"executed_lines": [202, 203, 205, 216], "summary": {"covered_lines": 4, "num_statements": 4, "percent_covered": 100.0, "percent_covered_display": "100", "missing_lines": 0, "excluded_lines": 0, "percent_statements_covered": 100.0, "percent_statements_covered_display": "100", "num_branches": 2, "num_partial_branches": 0, "covered_branches": 2, "missing_branches": 0, "percent_branches_covered": 100.0, "percent_branches_covered_display": "100"}, "missing_lines": [], "excluded_lines": [], "executed_branches": [[202, 203], [202, 205]], "missing_branches": []}, "unit.decorator": {"executed_lines": [206], "summary": {"covered_lines": 1, "num_statements": 1, "percent_covered": 100.0, "percent_covered_display": "100", "missing_lines": 0, "excluded_lines": 0, "percent_statements_covered": 100.0, "percent_statements_covered_display": "100", "num_branches": 0, "num_partial_branches": 0, "covered_branches": 0, "missing_branches": 0, "percent_branches_covered": 100.0, "percent_branches_covered_display": "100"}, "missing_lines": [], "excluded_lines": [], "executed_branches": [], "missing_branches": []}, "": {"executed_lines": [1, 12, 13, 14, 15, 17, 20, 21, 22, 42, 43, 44, 45, 46, 47, 48, 49, 51, 58, 62, 68, 79, 169], "summary": {"covered_lines": 21, "num_statements": 21, "percent_covered": 100.0, "percent_covered_display": "100", "missing_lines": 0, "excluded_lines": 0, "percent_statements_covered": 100.0, "percent_statements_covered_display": "100", "num_branches": 0, "num_partial_branches": 0, "covered_branches": 0, "missing_branches": 0, "percent_branches_covered": 100.0, "percent_branches_covered_display": "100"}, "missing_lines": [], "excluded_lines": [], "executed_branches": [], "missing_branches": []}}, "classes": {"Unit": {"executed_lines": [53, 54, 56, 60, 64, 66, 77, 94, 95, 96, 97, 102, 105, 128, 131, 132, 133, 134, 135, 136, 139, 142, 143, 144, 147, 148, 149, 153, 154, 160, 161, 162, 165, 166], "summary": {"covered_lines": 34, "num_statements": 44, "percent_covered": 75.67567567567568, "percent_covered_display": "76", "missing_lines": 10, "excluded_lines": 0, "percent_statements_covered": 77.27272727272727, "percent_statements_covered_display": "77", "num_branches": 30, "num_partial_branches": 4, "covered_branches": 22, "missing_branches": 8, "percent_branches_covered": 73.33333333333333, "percent_branches_covered_display": "73"}, "missing_lines": [65, 107, 108, 113, 114, 115, 116, 122, 125, 155], "excluded_lines": [], "executed_branches": [[53, 54], [53, 56], [64, 66], [96, 97], [96, 102], [105, 128], [134, 135], [134, 139], [135, 136], [142, 143], [142, 147], [143, 144], [143, 160], [147, 148], [147, 154], [148, 149], [148, 153], [154, 160], [160, 161], [160, 165], [161, 160], [161, 162]], "missing_branches": [[64, 65], [105, 107], [107, 108], [107, 113], [115, 116], [115, 122], [135, 134], [154, 155]]}, "": {"executed_lines": [1, 12, 13, 14, 15, 17, 20, 21, 22, 42, 43, 44, 45, 46, 47, 48, 49, 51, 58, 62, 68, 79, 169, 202, 203, 205, 206, 216], "summary": {"covered_lines": 26, "num_statements": 26, "percent_covered": 100.0, "percent_covered_display": "100", "missing_lines": 0, "excluded_lines": 0, "percent_statements_covered": 100.0, "percent_statements_covered_display": "100", "num_branches": 2, "num_partial_branches": 0, "covered_branches": 2, "missing_branches": 0, "percent_branches_covered": 100.0, "percent_branches_covered_display": "100"}, "missing_lines": [], "excluded_lines": [], "executed_branches": [[202, 203], [202, 205]], "missing_branches": []}}}, "src/seapopym_message/distributed/__init__.py": {"executed_lines": [1, 3, 4, 6], "summary": {"covered_lines": 3, "num_statements": 3, "percent_covered": 100.0, "percent_covered_display": "100", "missing_lines": 0, "excluded_lines": 0, "percent_statements_covered": 100.0, "percent_statements_covered_display": "100", "num_branches": 0, "num_partial_branches": 0, "covered_branches": 0, "missing_branches": 0, "percent_branches_covered": 100.0, "percent_branches_covered_display": "100"}, "missing_lines": [], "excluded_lines": [], "executed_branches": [], "missing_branches": [], "functions": {"": {"executed_lines": [1, 3, 4, 6], "summary": {"covered_lines": 3, "num_statements": 3, "percent_covered": 100.0, "percent_covered_display": "100", "missing_lines": 0, "excluded_lines": 0, "percent_statements_covered": 100.0, "percent_statements_covered_display": "100", "num_branches": 0, "num_partial_branches": 0, "covered_branches": 0, "missing_branches": 0, "percent_branches_covered": 100.0, "percent_branches_covered_display": "100"}, "missing_lines": [], "excluded_lines": [], "executed_branches": [], "missing_branches": []}}, "classes": {"": {"executed_lines": [1, 3, 4, 6], "summary": {"covered_lines": 3, "num_statements": 3, "percent_covered": 100.0, "percent_covered_display": "100", "missing_lines": 0, "excluded_lines": 0, "percent_statements_covered": 100.0, "percent_statements_covered_display": "100", "num_branches": 0, "num_partial_branches": 0, "covered_branches": 0, "missing_branches": 0, "percent_branches_covered": 100.0, "percent_branches_covered_display": "100"}, "missing_lines": [], "excluded_lines": [], "executed_branches": [], "missing_branches": []}}}, "src/seapopym_message/distributed/scheduler.py": {"executed_lines": [1, 15, 16, 17, 19, 20, 22, 25, 26, 60, 86, 87, 88, 89, 90, 91, 94, 95, 96, 99, 100, 102, 103, 106, 108, 111, 114, 116, 124, 126, 132, 133, 134, 136, 143, 144, 146, 163, 167, 168, 171, 174, 175, 176, 177, 178, 181, 182, 189, 191, 195, 197, 199, 212, 216, 217, 218, 219, 220, 221, 225, 227, 230, 233, 236, 238, 259, 262, 265, 266, 269, 270, 271, 274, 275, 276, 278, 280, 307, 308, 309, 314, 315, 318, 319, 320, 323, 326, 328, 329, 332, 335, 344, 347, 350, 353, 354, 356, 358, 374, 375, 376, 377, 378, 379, 380, 381, 392, 394, 416, 419, 422, 423, 424, 434, 478, 494, 502, 503, 504, 507, 508, 509, 511, 512, 513, 514, 516, 518, 526, 529, 531, 533, 534, 537, 538, 540, 542, 548, 550, 560, 562], "summary": {"covered_lines": 138, "num_statements": 165, "percent_covered": 80.71748878923766, "percent_covered_display": "81", "missing_lines": 27, "excluded_lines": 6, "percent_statements_covered": 83.63636363636364, "percent_statements_covered_display": "84", "num_branches": 58, "num_partial_branches": 8, "covered_branches": 42, "missing_branches": 16, "percent_branches_covered": 72.41379310344827, "percent_branches_covered_display": "72"}, "missing_lines": [104, 164, 213, 384, 385, 386, 390, 438, 439, 440, 441, 444, 445, 446, 448, 451, 453, 454, 455, 458, 461, 473, 474, 476, 556, 557, 558], "excluded_lines": [560, 561, 562, 563, 564, 565], "executed_branches": [[102, 103], [102, 108], [103, 106], [132, 133], [132, 134], [163, 167], [174, 175], [174, 197], [181, 182], [181, 189], [189, 191], [189, 195], [212, 216], [217, 218], [217, 236], [225, 227], [225, 230], [270, 271], [275, 276], [308, 309], [308, 314], [319, 320], [319, 347], [326, 328], [326, 347], [353, 354], [353, 356], [375, 376], [375, 392], [376, 377], [376, 379], [379, 380], [422, 423], [502, 503], [502, 516], [507, 508], [507, 516], [511, 512], [531, 533], [531, 540], [537, 531], [537, 538]], "missing_branches": [[103, 104], [163, 164], [212, 213], [270, 274], [275, 278], [379, 384], [385, 386], [385, 390], [422, 438], [439, 440], [439, 444], [448, 451], [448, 476], [453, 454], [453, 458], [511, 507]], "functions": {"EventScheduler.__init__": {"executed_lines": [86, 87, 88, 89, 90, 91, 94, 95, 96, 99, 100, 102, 103, 106, 108, 111, 114], "summary": {"covered_lines": 17, "num_statements": 18, "percent_covered": 90.9090909090909, "percent_covered_display": "91", "missing_lines": 1, "excluded_lines": 0, "percent_statements_covered": 94.44444444444444, "percent_statements_covered_display": "94", "num_branches": 4, "num_partial_branches": 1, "covered_branches": 3, "missing_branches": 1, "percent_branches_covered": 75.0, "percent_branches_covered_display": "75"}, "missing_lines": [104], "excluded_lines": [], "executed_branches": [[102, 103], [102, 108], [103, 106]], "missing_branches": [[103, 104]]}, "EventScheduler._schedule_event": {"executed_lines": [124], "summary": {"covered_lines": 1, "num_statements": 1, "percent_covered": 100.0, "percent_covered_display": "100", "missing_lines": 0, "excluded_lines": 0, "percent_statements_covered": 100.0, "percent_statements_covered_display": "100", "num_branches": 0, "num_partial_branches": 0, "covered_branches": 0, "missing_branches": 0, "percent_branches_covered": 100.0, "percent_branches_covered_display": "100"}, "missing_lines": [], "excluded_lines": [], "executed_branches": [], "missing_branches": []}, "EventScheduler._pop_event": {"executed_lines": [132, 133, 134], "summary": {"covered_lines": 3, "num_statements": 3, "percent_covered": 100.0, "percent_covered_display": "100", "missing_lines": 0, "excluded_lines": 0, "percent_statements_covered": 100.0, "percent_statements_covered_display": "100", "num_branches": 2, "num_partial_branches": 0, "covered_branches": 2, "missing_branches": 0, "percent_branches_covered": 100.0, "percent_branches_covered_display": "100"}, "missing_lines": [], "excluded_lines": [], "executed_branches": [[132, 133], [132, 134]], "missing_branches": []}, "EventScheduler._build_worker_topology": {"executed_lines": [143, 144], "summary": {"covered_lines": 2, "num_statements": 2, "percent_covered": 100.0, "percent_covered_display": "100", "missing_lines": 0, "excluded_lines": 0, "percent_statements_covered": 100.0, "percent_statements_covered_display": "100", "num_branches": 0, "num_partial_branches": 0, "covered_branches": 0, "missing_branches": 0, "percent_branches_covered": 100.0, "percent_branches_covered_display": "100"}, "missing_lines": [], "excluded_lines": [], "executed_branches": [], "missing_branches": []}, "EventScheduler._collect_global_field": {"executed_lines": [163, 167, 168, 171, 174, 175, 176, 177, 178, 181, 182, 189, 191, 195, 197], "summary": {"covered_lines": 15, "num_statements": 16, "percent_covered": 91.66666666666667, "percent_covered_display": "92", "missing_lines": 1, "excluded_lines": 0, "percent_statements_covered": 93.75, "percent_statements_covered_display": "94", "num_branches": 8, "num_partial_branches": 1, "covered_branches": 7, "missing_branches": 1, "percent_branches_covered": 87.5, "percent_branches_covered_display": "88"}, "missing_lines": [164], "excluded_lines": [], "executed_branches": [[163, 167], [174, 175], [174, 197], [181, 182], [181, 189], [189, 191], [189, 195]], "missing_branches": [[163, 164]]}, "EventScheduler._redistribute_field": {"executed_lines": [212, 216, 217, 218, 219, 220, 221, 225, 227, 230, 233, 236], "summary": {"covered_lines": 12, "num_statements": 13, "percent_covered": 89.47368421052632, "percent_covered_display": "89", "missing_lines": 1, "excluded_lines": 0, "percent_statements_covered": 92.3076923076923, "percent_statements_covered_display": "92", "num_branches": 6, "num_partial_branches": 1, "covered_branches": 5, "missing_branches": 1, "percent_branches_covered": 83.33333333333333, "percent_branches_covered_display": "83"}, "missing_lines": [213], "excluded_lines": [], "executed_branches": [[212, 216], [217, 218], [217, 236], [225, 227], [225, 230]], "missing_branches": [[212, 213]]}, "EventScheduler._get_transport_forcings": {"executed_lines": [259, 262, 265, 266, 269, 270, 271, 274, 275, 276, 278], "summary": {"covered_lines": 11, "num_statements": 11, "percent_covered": 86.66666666666667, "percent_covered_display": "87", "missing_lines": 0, "excluded_lines": 0, "percent_statements_covered": 100.0, "percent_statements_covered_display": "100", "num_branches": 4, "num_partial_branches": 2, "covered_branches": 2, "missing_branches": 2, "percent_branches_covered": 50.0, "percent_branches_covered_display": "50"}, "missing_lines": [], "excluded_lines": [], "executed_branches": [[270, 271], [275, 276]], "missing_branches": [[270, 274], [275, 278]]}, "EventScheduler.step": {"executed_lines": [307, 308, 309, 314, 315, 318, 319, 320, 323, 326, 328, 329, 332, 335, 344, 347, 350, 353, 354, 356], "summary": {"covered_lines": 20, "num_statements": 20, "percent_covered": 100.0, "percent_covered_display": "100", "missing_lines": 0, "excluded_lines": 0, "percent_statements_covered": 100.0, "percent_statements_covered_display": "100", "num_branches": 8, "num_partial_branches": 0, "covered_branches": 8, "missing_branches": 0, "percent_branches_covered": 100.0, "percent_branches_covered_display": "100"}, "missing_lines": [], "excluded_lines": [], "executed_branches": [[308, 309], [308, 314], [319, 320], [319, 347], [326, 328], [326, 347], [353, 354], [353, 356]], "missing_branches": []}, "EventScheduler._compute_field_shape": {"executed_lines": [374, 375, 376, 377, 378, 379, 380, 381, 392], "summary": {"covered_lines": 9, "num_statements": 13, "percent_covered": 66.66666666666667, "percent_covered_display": "67", "missing_lines": 4, "excluded_lines": 0, "percent_statements_covered": 69.23076923076923, "percent_statements_covered_display": "69", "num_branches": 8, "num_partial_branches": 1, "covered_branches": 5, "missing_branches": 3, "percent_branches_covered": 62.5, "percent_branches_covered_display": "62"}, "missing_lines": [384, 385, 386, 390], "excluded_lines": [], "executed_branches": [[375, 376], [375, 392], [376, 377], [376, 379], [379, 380]], "missing_branches": [[379, 384], [385, 386], [385, 390]]}, "EventScheduler._transport_field": {"executed_lines": [416, 419, 422, 423, 424, 434], "summary": {"covered_lines": 6, "num_statements": 23, "percent_covered": 22.580645161290324, "percent_covered_display": "23", "missing_lines": 17, "excluded_lines": 0, "percent_statements_covered": 26.08695652173913, "percent_statements_covered_display": "26", "num_branches": 8, "num_partial_branches": 1, "covered_branches": 1, "missing_branches": 7, "percent_branches_covered": 12.5, "percent_branches_covered_display": "12"}, "missing_lines": [438, 439, 440, 441, 444, 445, 446, 448, 451, 453, 454, 455, 458, 461, 473, 474, 476], "excluded_lines": [], "executed_branches": [[422, 423]], "missing_branches": [[422, 438], [439, 440], [439, 444], [448, 451], [448, 476], [453, 454], [453, 458]]}, "EventScheduler._aggregate_diagnostics": {"executed_lines": [494, 502, 503, 504, 507, 508, 509, 511, 512, 513, 514, 516], "summary": {"covered_lines": 12, "num_statements": 12, "percent_covered": 94.44444444444444, "percent_covered_display": "94", "missing_lines": 0, "excluded_lines": 0, "percent_statements_covered": 100.0, "percent_statements_covered_display": "100", "num_branches": 6, "num_partial_branches": 1, "covered_branches": 5, "missing_branches": 1, "percent_branches_covered": 83.33333333333333, "percent_branches_covered_display": "83"}, "missing_lines": [], "excluded_lines": [], "executed_branches": [[502, 503], [502, 516], [507, 508], [507, 516], [511, 512]], "missing_branches": [[511, 507]]}, "EventScheduler.run": {"executed_lines": [526, 529, 531, 533, 534, 537, 538, 540], "summary": {"covered_lines": 8, "num_statements": 8, "percent_covered": 100.0, "percent_covered_display": "100", "missing_lines": 0, "excluded_lines": 0, "percent_statements_covered": 100.0, "percent_statements_covered_display": "100", "num_branches": 4, "num_partial_branches": 0, "covered_branches": 4, "missing_branches": 0, "percent_branches_covered": 100.0, "percent_branches_covered_display": "100"}, "missing_lines": [], "excluded_lines": [], "executed_branches": [[531, 533], [531, 540], [537, 531], [537, 538]], "missing_branches": []}, "EventScheduler.get_current_time": {"executed_lines": [548], "summary": {"covered_lines": 1, "num_statements": 1, "percent_covered": 100.0, "percent_covered_display": "100", "missing_lines": 0, "excluded_lines": 0, "percent_statements_covered": 100.0, "percent_statements_covered_display": "100", "num_branches": 0, "num_partial_branches": 0, "covered_branches": 0, "missing_branches": 0, "percent_branches_covered": 100.0, "percent_branches_covered_display": "100"}, "missing_lines": [], "excluded_lines": [], "executed_branches": [], "missing_branches": []}, "EventScheduler.get_worker_states": {"executed_lines": [], "summary": {"covered_lines": 0, "num_statements": 3, "percent_covered": 0.0, "percent_covered_display": "0", "missing_lines": 3, "excluded_lines": 0, "percent_statements_covered": 0.0, "percent_statements_covered_display": "0", "num_branches": 0, "num_partial_branches": 0, "covered_branches": 0, "missing_branches": 0, "percent_branches_covered": 100.0, "percent_branches_covered_display": "100"}, "missing_lines": [556, 557, 558], "excluded_lines": [], "executed_branches": [], "missing_branches": []}, "EventScheduler.__repr__": {"executed_lines": [562], "summary": {"covered_lines": 0, "num_statements": 0, "percent_covered": 100.0, "percent_covered_display": "100", "missing_lines": 0, "excluded_lines": 5, "percent_statements_covered": 100.0, "percent_statements_covered_display": "100", "num_branches": 0, "num_partial_branches": 0, "covered_branches": 0, "missing_branches": 0, "percent_branches_covered": 100.0, "percent_branches_covered_display": "100"}, "missing_lines": [], "excluded_lines": [561, 562, 563, 564, 565], "executed_branches": [], "missing_branches": []}, "": {"executed_lines": [1, 15, 16, 17, 19, 20, 22, 25, 26, 60, 116, 126, 136, 146, 199, 238, 280, 358, 394, 478, 518, 542, 550, 560], "summary": {"covered_lines": 21, "num_statements": 21, "percent_covered": 100.0, "percent_covered_display": "100", "missing_lines": 0, "excluded_lines": 1, "percent_statements_covered": 100.0, "percent_statements_covered_display": "100", "num_branches": 0, "num_partial_branches": 0, "covered_branches": 0, "missing_branches": 0, "percent_branches_covered": 100.0, "percent_branches_covered_display": "100"}, "missing_lines": [], "excluded_lines": [560], "executed_branches": [], "missing_branches": []}}, "classes": {"EventScheduler": {"executed_lines": [86, 87, 88, 89, 90, 91, 94, 95, 96, 99, 100, 102, 103, 106, 108, 111, 114, 124, 132, 133, 134, 143, 144, 163, 167, 168, 171, 174, 175, 176, 177, 178, 181, 182, 189, 191, 195, 197, 212, 216, 217, 218, 219, 220, 221, 225, 227, 230, 233, 236, 259, 262, 265, 266, 269, 270, 271, 274, 275, 276, 278, 307, 308, 309, 314, 315, 318, 319, 320, 323, 326, 328, 329, 332, 335, 344, 347, 350, 353, 354, 356, 374, 375, 376, 377, 378, 379, 380, 381, 392, 416, 419, 422, 423, 424, 434, 494, 502, 503, 504, 507, 508, 509, 511, 512, 513, 514, 516, 526, 529, 531, 533, 534, 537, 538, 540, 548, 562], "summary": {"covered_lines": 117, "num_statements": 144, "percent_covered": 78.7128712871287, "percent_covered_display": "79", "missing_lines": 27, "excluded_lines": 5, "percent_statements_covered": 81.25, "percent_statements_covered_display": "81", "num_branches": 58, "num_partial_branches": 8, "covered_branches": 42, "missing_branches": 16, "percent_branches_covered": 72.41379310344827, "percent_branches_covered_display": "72"}, "missing_lines": [104, 164, 213, 384, 385, 386, 390, 438, 439, 440, 441, 444, 445, 446, 448, 451, 453, 454, 455, 458, 461, 473, 474, 476, 556, 557, 558], "excluded_lines": [561, 562, 563, 564, 565], "executed_branches": [[102, 103], [102, 108], [103, 106], [132, 133], [132, 134], [163, 167], [174, 175], [174, 197], [181, 182], [181, 189], [189, 191], [189, 195], [212, 216], [217, 218], [217, 236], [225, 227], [225, 230], [270, 271], [275, 276], [308, 309], [308, 314], [319, 320], [319, 347], [326, 328], [326, 347], [353, 354], [353, 356], [375, 376], [375, 392], [376, 377], [376, 379], [379, 380], [422, 423], [502, 503], [502, 516], [507, 508], [507, 516], [511, 512], [531, 533], [531, 540], [537, 531], [537, 538]], "missing_branches": [[103, 104], [163, 164], [212, 213], [270, 274], [275, 278], [379, 384], [385, 386], [385, 390], [422, 438], [439, 440], [439, 444], [448, 451], [448, 476], [453, 454], [453, 458], [511, 507]]}, "": {"executed_lines": [1, 15, 16, 17, 19, 20, 22, 25, 26, 60, 116, 126, 136, 146, 199, 238, 280, 358, 394, 478, 518, 542, 550, 560], "summary": {"covered_lines": 21, "num_statements": 21, "percent_covered": 100.0, "percent_covered_display": "100", "missing_lines": 0, "excluded_lines": 1, "percent_statements_covered": 100.0, "percent_statements_covered_display": "100", "num_branches": 0, "num_partial_branches": 0, "covered_branches": 0, "missing_branches": 0, "percent_branches_covered": 100.0, "percent_branches_covered_display": "100"}, "missing_lines": [], "excluded_lines": [560], "executed_branches": [], "missing_branches": []}}}, "src/seapopym_message/distributed/transport_config.py": {"executed_lines": [1, 7, 10, 11, 12, 32, 33, 35, 37, 44, 45, 46, 67, 68, 70, 72, 76, 77, 81, 95, 97, 117, 118, 119, 126, 142, 143, 145, 171, 172, 174, 196], "summary": {"covered_lines": 28, "num_statements": 34, "percent_covered": 75.0, "percent_covered_display": "75", "missing_lines": 6, "excluded_lines": 4, "percent_statements_covered": 82.3529411764706, "percent_statements_covered_display": "82", "num_branches": 10, "num_partial_branches": 5, "covered_branches": 5, "missing_branches": 5, "percent_branches_covered": 50.0, "percent_branches_covered_display": "50"}, "missing_lines": [38, 73, 78, 79, 121, 194], "excluded_lines": [196, 197, 198, 199], "executed_branches": [[37, -35], [72, 76], [77, -70], [117, 118], [118, 119]], "missing_branches": [[37, 38], [72, 73], [77, 78], [117, 121], [118, 117]], "functions": {"FieldConfig.__post_init__": {"executed_lines": [37], "summary": {"covered_lines": 1, "num_statements": 2, "percent_covered": 50.0, "percent_covered_display": "50", "missing_lines": 1, "excluded_lines": 0, "percent_statements_covered": 50.0, "percent_statements_covered_display": "50", "num_branches": 2, "num_partial_branches": 1, "covered_branches": 1, "missing_branches": 1, "percent_branches_covered": 50.0, "percent_branches_covered_display": "50"}, "missing_lines": [38], "excluded_lines": [], "executed_branches": [[37, -35]], "missing_branches": [[37, 38]]}, "TransportConfig.__post_init__": {"executed_lines": [72, 76, 77], "summary": {"covered_lines": 3, "num_statements": 6, "percent_covered": 50.0, "percent_covered_display": "50", "missing_lines": 3, "excluded_lines": 0, "percent_statements_covered": 50.0, "percent_statements_covered_display": "50", "num_branches": 4, "num_partial_branches": 2, "covered_branches": 2, "missing_branches": 2, "percent_branches_covered": 50.0, "percent_branches_covered_display": "50"}, "missing_lines": [73, 78, 79], "excluded_lines": [], "executed_branches": [[72, 76], [77, -70]], "missing_branches": [[72, 73], [77, 78]]}, "TransportConfig.get_field_names": {"executed_lines": [95], "summary": {"covered_lines": 1, "num_statements": 1, "percent_covered": 100.0, "percent_covered_display": "100", "missing_lines": 0, "excluded_lines": 0, "percent_statements_covered": 100.0, "percent_statements_covered_display": "100", "num_branches": 0, "num_partial_branches": 0, "covered_branches": 0, "missing_branches": 0, "percent_branches_covered": 100.0, "percent_branches_covered_display": "100"}, "missing_lines": [], "excluded_lines": [], "executed_branches": [], "missing_branches": []}, "TransportConfig.get_field_config": {"executed_lines": [117, 118, 119], "summary": {"covered_lines": 3, "num_statements": 4, "percent_covered": 62.5, "percent_covered_display": "62", "missing_lines": 1, "excluded_lines": 0, "percent_statements_covered": 75.0, "percent_statements_covered_display": "75", "num_branches": 4, "num_partial_branches": 2, "covered_branches": 2, "missing_branches": 2, "percent_branches_covered": 50.0, "percent_branches_covered_display": "50"}, "missing_lines": [121], "excluded_lines": [], "executed_branches": [[117, 118], [118, 119]], "missing_branches": [[117, 121], [118, 117]]}, "TransportConfig.get_field_dims": {"executed_lines": [142, 143], "summary": {"covered_lines": 2, "num_statements": 2, "percent_covered": 100.0, "percent_covered_display": "100", "missing_lines": 0, "excluded_lines": 0, "percent_statements_covered": 100.0, "percent_statements_covered_display": "100", "num_branches": 0, "num_partial_branches": 0, "covered_branches": 0, "missing_branches": 0, "percent_branches_covered": 100.0, "percent_branches_covered_display": "100"}, "missing_lines": [], "excluded_lines": [], "executed_branches": [], "missing_branches": []}, "TransportConfig.get_non_spatial_dims": {"executed_lines": [171, 172], "summary": {"covered_lines": 2, "num_statements": 2, "percent_covered": 100.0, "percent_covered_display": "100", "missing_lines": 0, "excluded_lines": 0, "percent_statements_covered": 100.0, "percent_statements_covered_display": "100", "num_branches": 0, "num_partial_branches": 0, "covered_branches": 0, "missing_branches": 0, "percent_branches_covered": 100.0, "percent_branches_covered_display": "100"}, "missing_lines": [], "excluded_lines": [], "executed_branches": [], "missing_branches": []}, "TransportConfig.is_2d_field": {"executed_lines": [], "summary": {"covered_lines": 0, "num_statements": 1, "percent_covered": 0.0, "percent_covered_display": "0", "missing_lines": 1, "excluded_lines": 0, "percent_statements_covered": 0.0, "percent_statements_covered_display": "0", "num_branches": 0, "num_partial_branches": 0, "covered_branches": 0, "missing_branches": 0, "percent_branches_covered": 100.0, "percent_branches_covered_display": "100"}, "missing_lines": [194], "excluded_lines": [], "executed_branches": [], "missing_branches": []}, "TransportConfig.__repr__": {"executed_lines": [], "summary": {"covered_lines": 0, "num_statements": 0, "percent_covered": 100.0, "percent_covered_display": "100", "missing_lines": 0, "excluded_lines": 3, "percent_statements_covered": 100.0, "percent_statements_covered_display": "100", "num_branches": 0, "num_partial_branches": 0, "covered_branches": 0, "missing_branches": 0, "percent_branches_covered": 100.0, "percent_branches_covered_display": "100"}, "missing_lines": [], "excluded_lines": [197, 198, 199], "executed_branches": [], "missing_branches": []}, "": {"executed_lines": [1, 7, 10, 11, 12, 32, 33, 35, 44, 45, 46, 67, 68, 70, 81, 97, 126, 145, 174, 196], "summary": {"covered_lines": 16, "num_statements": 16, "percent_covered": 100.0, "percent_covered_display": "100", "missing_lines": 0, "excluded_lines": 1, "percent_statements_covered": 100.0, "percent_statements_covered_display": "100", "num_branches": 0, "num_partial_branches": 0, "covered_branches": 0, "missing_branches": 0, "percent_branches_covered": 100.0, "percent_branches_covered_display": "100"}, "missing_lines": [], "excluded_lines": [196], "executed_branches": [], "missing_branches": []}}, "classes": {"FieldConfig": {"executed_lines": [37], "summary": {"covered_lines": 1, "num_statements": 2, "percent_covered": 50.0, "percent_covered_display": "50", "missing_lines": 1, "excluded_lines": 0, "percent_statements_covered": 50.0, "percent_statements_covered_display": "50", "num_branches": 2, "num_partial_branches": 1, "covered_branches": 1, "missing_branches": 1, "percent_branches_covered": 50.0, "percent_branches_covered_display": "50"}, "missing_lines": [38], "excluded_lines": [], "executed_branches": [[37, -35]], "missing_branches": [[37, 38]]}, "TransportConfig": {"executed_lines": [72, 76, 77, 95, 117, 118, 119, 142, 143, 171, 172], "summary": {"covered_lines": 11, "num_statements": 16, "percent_covered": 62.5, "percent_covered_display": "62", "missing_lines": 5, "excluded_lines": 3, "percent_statements_covered": 68.75, "percent_statements_covered_display": "69", "num_branches": 8, "num_partial_branches": 4, "covered_branches": 4, "missing_branches": 4, "percent_branches_covered": 50.0, "percent_branches_covered_display": "50"}, "missing_lines": [73, 78, 79, 121, 194], "excluded_lines": [197, 198, 199], "executed_branches": [[72, 76], [77, -70], [117, 118], [118, 119]], "missing_branches": [[72, 73], [77, 78], [117, 121], [118, 117]]}, "": {"executed_lines": [1, 7, 10, 11, 12, 32, 33, 35, 44, 45, 46, 67, 68, 70, 81, 97, 126, 145, 174, 196], "summary": {"covered_lines": 16, "num_statements": 16, "percent_covered": 100.0, "percent_covered_display": "100", "missing_lines": 0, "excluded_lines": 1, "percent_statements_covered": 100.0, "percent_statements_covered_display": "100", "num_branches": 0, "num_partial_branches": 0, "covered_branches": 0, "missing_branches": 0, "percent_branches_covered": 100.0, "percent_branches_covered_display": "100"}, "missing_lines": [], "excluded_lines": [196], "executed_branches": [], "missing_branches": []}}}, "src/seapopym_message/distributed/worker.py": {"executed_lines": [1, 7, 9, 10, 12, 13, 16, 17, 18, 50, 89, 98, 111, 119, 127, 140, 149, 158, 167, 176, 235, 287, 317, 341, 358, 381], "summary": {"covered_lines": 24, "num_statements": 102, "percent_covered": 17.91044776119403, "percent_covered_display": "18", "missing_lines": 78, "excluded_lines": 0, "percent_statements_covered": 23.529411764705884, "percent_statements_covered_display": "24", "num_branches": 32, "num_partial_branches": 0, "covered_branches": 0, "missing_branches": 32, "percent_branches_covered": 0.0, "percent_branches_covered_display": "0"}, "missing_lines": [62, 63, 64, 65, 66, 67, 68, 69, 72, 73, 76, 84, 87, 96, 108, 109, 117, 125, 133, 147, 156, 165, 174, 199, 200, 201, 204, 213, 215, 218, 221, 230, 233, 251, 253, 255, 257, 258, 261, 263, 265, 266, 268, 271, 273, 276, 278, 283, 285, 293, 295, 296, 298, 300, 301, 303, 305, 306, 308, 310, 311, 313, 315, 329, 332, 333, 334, 335, 337, 339, 347, 353, 354, 356, 375, 378, 379, 396], "excluded_lines": [], "executed_branches": [], "missing_branches": [[200, 201], [200, 204], [213, 215], [213, 230], [253, 255], [253, 285], [255, 257], [255, 261], [263, 265], [263, 266], [266, 268], [266, 271], [271, 273], [271, 276], [276, 278], [276, 283], [295, 296], [295, 298], [300, 301], [300, 303], [305, 306], [305, 308], [310, 311], [310, 313], [332, 333], [332, 339], [334, 335], [334, 337], [353, 354], [353, 356], [375, 378], [375, 379]], "functions": {"CellWorker2D.__init__": {"executed_lines": [], "summary": {"covered_lines": 0, "num_statements": 13, "percent_covered": 0.0, "percent_covered_display": "0", "missing_lines": 13, "excluded_lines": 0, "percent_statements_covered": 0.0, "percent_statements_covered_display": "0", "num_branches": 0, "num_partial_branches": 0, "covered_branches": 0, "missing_branches": 0, "percent_branches_covered": 100.0, "percent_branches_covered_display": "100"}, "missing_lines": [62, 63, 64, 65, 66, 67, 68, 69, 72, 73, 76, 84, 87], "excluded_lines": [], "executed_branches": [], "missing_branches": []}, "CellWorker2D.set_neighbors": {"executed_lines": [], "summary": {"covered_lines": 0, "num_statements": 1, "percent_covered": 0.0, "percent_covered_display": "0", "missing_lines": 1, "excluded_lines": 0, "percent_statements_covered": 0.0, "percent_statements_covered_display": "0", "num_branches": 0, "num_partial_branches": 0, "covered_branches": 0, "missing_branches": 0, "percent_branches_covered": 100.0, "percent_branches_covered_display": "100"}, "missing_lines": [96], "excluded_lines": [], "executed_branches": [], "missing_branches": []}, "CellWorker2D.set_initial_state": {"executed_lines": [], "summary": {"covered_lines": 0, "num_statements": 2, "percent_covered": 0.0, "percent_covered_display": "0", "missing_lines": 2, "excluded_lines": 0, "percent_statements_covered": 0.0, "percent_statements_covered_display": "0", "num_branches": 0, "num_partial_branches": 0, "covered_branches": 0, "missing_branches": 0, "percent_branches_covered": 100.0, "percent_branches_covered_display": "100"}, "missing_lines": [108, 109], "excluded_lines": [], "executed_branches": [], "missing_branches": []}, "CellWorker2D.get_state": {"executed_lines": [], "summary": {"covered_lines": 0, "num_statements": 1, "percent_covered": 0.0, "percent_covered_display": "0", "missing_lines": 1, "excluded_lines": 0, "percent_statements_covered": 0.0, "percent_statements_covered_display": "0", "num_branches": 0, "num_partial_branches": 0, "covered_branches": 0, "missing_branches": 0, "percent_branches_covered": 100.0, "percent_branches_covered_display": "100"}, "missing_lines": [117], "excluded_lines": [], "executed_branches": [], "missing_branches": []}, "CellWorker2D.get_time": {"executed_lines": [], "summary": {"covered_lines": 0, "num_statements": 1, "percent_covered": 0.0, "percent_covered_display": "0", "missing_lines": 1, "excluded_lines": 0, "percent_statements_covered": 0.0, "percent_statements_covered_display": "0", "num_branches": 0, "num_partial_branches": 0, "covered_branches": 0, "missing_branches": 0, "percent_branches_covered": 100.0, "percent_branches_covered_display": "100"}, "missing_lines": [125], "excluded_lines": [], "executed_branches": [], "missing_branches": []}, "CellWorker2D.get_topology": {"executed_lines": [], "summary": {"covered_lines": 0, "num_statements": 1, "percent_covered": 0.0, "percent_covered_display": "0", "missing_lines": 1, "excluded_lines": 0, "percent_statements_covered": 0.0, "percent_statements_covered_display": "0", "num_branches": 0, "num_partial_branches": 0, "covered_branches": 0, "missing_branches": 0, "percent_branches_covered": 100.0, "percent_branches_covered_display": "100"}, "missing_lines": [133], "excluded_lines": [], "executed_branches": [], "missing_branches": []}, "CellWorker2D.get_boundary_north": {"executed_lines": [], "summary": {"covered_lines": 0, "num_statements": 1, "percent_covered": 0.0, "percent_covered_display": "0", "missing_lines": 1, "excluded_lines": 0, "percent_statements_covered": 0.0, "percent_statements_covered_display": "0", "num_branches": 0, "num_partial_branches": 0, "covered_branches": 0, "missing_branches": 0, "percent_branches_covered": 100.0, "percent_branches_covered_display": "100"}, "missing_lines": [147], "excluded_lines": [], "executed_branches": [], "missing_branches": []}, "CellWorker2D.get_boundary_south": {"executed_lines": [], "summary": {"covered_lines": 0, "num_statements": 1, "percent_covered": 0.0, "percent_covered_display": "0", "missing_lines": 1, "excluded_lines": 0, "percent_statements_covered": 0.0, "percent_statements_covered_display": "0", "num_branches": 0, "num_partial_branches": 0, "covered_branches": 0, "missing_branches": 0, "percent_branches_covered": 100.0, "percent_branches_covered_display": "100"}, "missing_lines": [156], "excluded_lines": [], "executed_branches": [], "missing_branches": []}, "CellWorker2D.get_boundary_east": {"executed_lines": [], "summary": {"covered_lines": 0, "num_statements": 1, "percent_covered": 0.0, "percent_covered_display": "0", "missing_lines": 1, "excluded_lines": 0, "percent_statements_covered": 0.0, "percent_statements_covered_display": "0", "num_branches": 0, "num_partial_branches": 0, "covered_branches": 0, "missing_branches": 0, "percent_branches_covered": 100.0, "percent_branches_covered_display": "100"}, "missing_lines": [165], "excluded_lines": [], "executed_branches": [], "missing_branches": []}, "CellWorker2D.get_boundary_west": {"executed_lines": [], "summary": {"covered_lines": 0, "num_statements": 1, "percent_covered": 0.0, "percent_covered_display": "0", "missing_lines": 1, "excluded_lines": 0, "percent_statements_covered": 0.0, "percent_statements_covered_display": "0", "num_branches": 0, "num_partial_branches": 0, "covered_branches": 0, "missing_branches": 0, "percent_branches_covered": 100.0, "percent_branches_covered_display": "100"}, "missing_lines": [174], "excluded_lines": [], "executed_branches": [], "missing_branches": []}, "CellWorker2D.step": {"executed_lines": [], "summary": {"covered_lines": 0, "num_statements": 10, "percent_covered": 0.0, "percent_covered_display": "0", "missing_lines": 10, "excluded_lines": 0, "percent_statements_covered": 0.0, "percent_statements_covered_display": "0", "num_branches": 4, "num_partial_branches": 0, "covered_branches": 0, "missing_branches": 4, "percent_branches_covered": 0.0, "percent_branches_covered_display": "0"}, "missing_lines": [199, 200, 201, 204, 213, 215, 218, 221, 230, 233], "excluded_lines": [], "executed_branches": [], "missing_branches": [[200, 201], [200, 204], [213, 215], [213, 230]]}, "CellWorker2D._extract_local_forcings": {"executed_lines": [], "summary": {"covered_lines": 0, "num_statements": 16, "percent_covered": 0.0, "percent_covered_display": "0", "missing_lines": 16, "excluded_lines": 0, "percent_statements_covered": 0.0, "percent_statements_covered_display": "0", "num_branches": 12, "num_partial_branches": 0, "covered_branches": 0, "missing_branches": 12, "percent_branches_covered": 0.0, "percent_branches_covered_display": "0"}, "missing_lines": [251, 253, 255, 257, 258, 261, 263, 265, 266, 268, 271, 273, 276, 278, 283, 285], "excluded_lines": [], "executed_branches": [], "missing_branches": [[253, 255], [253, 285], [255, 257], [255, 261], [263, 265], [263, 266], [266, 268], [266, 271], [271, 273], [271, 276], [276, 278], [276, 283]]}, "CellWorker2D._request_halos": {"executed_lines": [], "summary": {"covered_lines": 0, "num_statements": 14, "percent_covered": 0.0, "percent_covered_display": "0", "missing_lines": 14, "excluded_lines": 0, "percent_statements_covered": 0.0, "percent_statements_covered_display": "0", "num_branches": 8, "num_partial_branches": 0, "covered_branches": 0, "missing_branches": 8, "percent_branches_covered": 0.0, "percent_branches_covered_display": "0"}, "missing_lines": [293, 295, 296, 298, 300, 301, 303, 305, 306, 308, 310, 311, 313, 315], "excluded_lines": [], "executed_branches": [], "missing_branches": [[295, 296], [295, 298], [300, 301], [300, 303], [305, 306], [305, 308], [310, 311], [310, 313]]}, "CellWorker2D._gather_halos": {"executed_lines": [], "summary": {"covered_lines": 0, "num_statements": 7, "percent_covered": 0.0, "percent_covered_display": "0", "missing_lines": 7, "excluded_lines": 0, "percent_statements_covered": 0.0, "percent_statements_covered_display": "0", "num_branches": 4, "num_partial_branches": 0, "covered_branches": 0, "missing_branches": 4, "percent_branches_covered": 0.0, "percent_branches_covered_display": "0"}, "missing_lines": [329, 332, 333, 334, 335, 337, 339], "excluded_lines": [], "executed_branches": [], "missing_branches": [[332, 333], [332, 339], [334, 335], [334, 337]]}, "CellWorker2D._compute_diagnostics": {"executed_lines": [], "summary": {"covered_lines": 0, "num_statements": 4, "percent_covered": 0.0, "percent_covered_display": "0", "missing_lines": 4, "excluded_lines": 0, "percent_statements_covered": 0.0, "percent_statements_covered_display": "0", "num_branches": 2, "num_partial_branches": 0, "covered_branches": 0, "missing_branches": 2, "percent_branches_covered": 0.0, "percent_branches_covered_display": "0"}, "missing_lines": [347, 353, 354, 356], "excluded_lines": [], "executed_branches": [], "missing_branches": [[353, 354], [353, 356]]}, "CellWorker2D.get_field": {"executed_lines": [], "summary": {"covered_lines": 0, "num_statements": 3, "percent_covered": 0.0, "percent_covered_display": "0", "missing_lines": 3, "excluded_lines": 0, "percent_statements_covered": 0.0, "percent_statements_covered_display": "0", "num_branches": 2, "num_partial_branches": 0, "covered_branches": 0, "missing_branches": 2, "percent_branches_covered": 0.0, "percent_branches_covered_display": "0"}, "missing_lines": [375, 378, 379], "excluded_lines": [], "executed_branches": [], "missing_branches": [[375, 378], [375, 379]]}, "CellWorker2D.set_field": {"executed_lines": [], "summary": {"covered_lines": 0, "num_statements": 1, "percent_covered": 0.0, "percent_covered_display": "0", "missing_lines": 1, "excluded_lines": 0, "percent_statements_covered": 0.0, "percent_statements_covered_display": "0", "num_branches": 0, "num_partial_branches": 0, "covered_branches": 0, "missing_branches": 0, "percent_branches_covered": 100.0, "percent_branches_covered_display": "100"}, "missing_lines": [396], "excluded_lines": [], "executed_branches": [], "missing_branches": []}, "": {"executed_lines": [1, 7, 9, 10, 12, 13, 16, 17, 18, 50, 89, 98, 111, 119, 127, 140, 149, 158, 167, 176, 235, 287, 317, 341, 358, 381], "summary": {"covered_lines": 24, "num_statements": 24, "percent_covered": 100.0, "percent_covered_display": "100", "missing_lines": 0, "excluded_lines": 0, "percent_statements_covered": 100.0, "percent_statements_covered_display": "100", "num_branches": 0, "num_partial_branches": 0, "covered_branches": 0, "missing_branches": 0, "percent_branches_covered": 100.0, "percent_branches_covered_display": "100"}, "missing_lines": [], "excluded_lines": [], "executed_branches": [], "missing_branches": []}}, "classes": {"CellWorker2D": {"executed_lines": [], "summary": {"covered_lines": 0, "num_statements": 78, "percent_covered": 0.0, "percent_covered_display": "0", "missing_lines": 78, "excluded_lines": 0, "percent_statements_covered": 0.0, "percent_statements_covered_display": "0", "num_branches": 32, "num_partial_branches": 0, "covered_branches": 0, "missing_branches": 32, "percent_branches_covered": 0.0, "percent_branches_covered_display": "0"}, "missing_lines": [62, 63, 64, 65, 66, 67, 68, 69, 72, 73, 76, 84, 87, 96, 108, 109, 117, 125, 133, 147, 156, 165, 174, 199, 200, 201, 204, 213, 215, 218, 221, 230, 233, 251, 253, 255, 257, 258, 261, 263, 265, 266, 268, 271, 273, 276, 278, 283, 285, 293, 295, 296, 298, 300, 301, 303, 305, 306, 308, 310, 311, 313, 315, 329, 332, 333, 334, 335, 337, 339, 347, 353, 354, 356, 375, 378, 379, 396], "excluded_lines": [], "executed_branches": [], "missing_branches": [[200, 201], [200, 204], [213, 215], [213, 230], [253, 255], [253, 285], [255, 257], [255, 261], [263, 265], [263, 266], [266, 268], [266, 271], [271, 273], [271, 276], [276, 278], [276, 283], [295, 296], [295, 298], [300, 301], [300, 303], [305, 306], [305, 308], [310, 311], [310, 313], [332, 333], [332, 339], [334, 335], [334, 337], [353, 354], [353, 356], [375, 378], [375, 379]]}, "": {"executed_lines": [1, 7, 9, 10, 12, 13, 16, 17, 18, 50, 89, 98, 111, 119, 127, 140, 149, 158, 167, 176, 235, 287, 317, 341, 358, 381], "summary": {"covered_lines": 24, "num_statements": 24, "percent_covered": 100.0, "percent_covered_display": "100", "missing_lines": 0, "excluded_lines": 0, "percent_statements_covered": 100.0, "percent_statements_covered_display": "100", "num_branches": 0, "num_partial_branches": 0, "covered_branches": 0, "missing_branches": 0, "percent_branches_covered": 100.0, "percent_branches_covered_display": "100"}, "missing_lines": [], "excluded_lines": [], "executed_branches": [], "missing_branches": []}}}, "src/seapopym_message/forcing/__init__.py": {"executed_lines": [1, 42, 43, 44, 46], "summary": {"covered_lines": 4, "num_statements": 4, "percent_covered": 100.0, "percent_covered_display": "100", "missing_lines": 0, "excluded_lines": 0, "percent_statements_covered": 100.0, "percent_statements_covered_display": "100", "num_branches": 0, "num_partial_branches": 0, "covered_branches": 0, "missing_branches": 0, "percent_branches_covered": 100.0, "percent_branches_covered_display": "100"}, "missing_lines": [], "excluded_lines": [], "executed_branches": [], "missing_branches": [], "functions": {"": {"executed_lines": [1, 42, 43, 44, 46], "summary": {"covered_lines": 4, "num_statements": 4, "percent_covered": 100.0, "percent_covered_display": "100", "missing_lines": 0, "excluded_lines": 0, "percent_statements_covered": 100.0, "percent_statements_covered_display": "100", "num_branches": 0, "num_partial_branches": 0, "covered_branches": 0, "missing_branches": 0, "percent_branches_covered": 100.0, "percent_branches_covered_display": "100"}, "missing_lines": [], "excluded_lines": [], "executed_branches": [], "missing_branches": []}}, "classes": {"": {"executed_lines": [1, 42, 43, 44, 46], "summary": {"covered_lines": 4, "num_statements": 4, "percent_covered": 100.0, "percent_covered_display": "100", "missing_lines": 0, "excluded_lines": 0, "percent_statements_covered": 100.0, "percent_statements_covered_display": "100", "num_branches": 0, "num_partial_branches": 0, "covered_branches": 0, "missing_branches": 0, "percent_branches_covered": 100.0, "percent_branches_covered_display": "100"}, "missing_lines": [], "excluded_lines": [], "executed_branches": [], "missing_branches": []}}}, "src/seapopym_message/forcing/derived.py": {"executed_lines": [1, 23, 24, 25, 27, 30, 31, 32, 54, 55, 56, 57, 59, 73, 76, 79, 81, 83, 88, 119, 122, 124, 132, 134, 136, 139, 174, 175, 177, 178, 179, 182, 183, 184, 185, 186, 189, 190, 192, 193, 194, 196, 197, 198, 199, 202, 203, 204, 205, 207], "summary": {"covered_lines": 47, "num_statements": 48, "percent_covered": 96.96969696969697, "percent_covered_display": "97", "missing_lines": 1, "excluded_lines": 3, "percent_statements_covered": 97.91666666666667, "percent_statements_covered_display": "98", "num_branches": 18, "num_partial_branches": 1, "covered_branches": 17, "missing_branches": 1, "percent_branches_covered": 94.44444444444444, "percent_branches_covered_display": "94"}, "missing_lines": [120], "excluded_lines": [83, 84, 85], "executed_branches": [[119, 122], [177, 178], [177, 182], [182, 183], [182, 189], [183, 182], [183, 184], [184, 183], [184, 185], [192, 193], [192, 202], [196, 192], [196, 197], [198, 196], [198, 199], [202, 203], [202, 207]], "missing_branches": [[119, 120]], "functions": {"DerivedForcing.compute": {"executed_lines": [73, 76, 79, 81], "summary": {"covered_lines": 4, "num_statements": 4, "percent_covered": 100.0, "percent_covered_display": "100", "missing_lines": 0, "excluded_lines": 0, "percent_statements_covered": 100.0, "percent_statements_covered_display": "100", "num_branches": 0, "num_partial_branches": 0, "covered_branches": 0, "missing_branches": 0, "percent_branches_covered": 100.0, "percent_branches_covered_display": "100"}, "missing_lines": [], "excluded_lines": [], "executed_branches": [], "missing_branches": []}, "DerivedForcing.__repr__": {"executed_lines": [], "summary": {"covered_lines": 0, "num_statements": 0, "percent_covered": 100.0, "percent_covered_display": "100", "missing_lines": 0, "excluded_lines": 2, "percent_statements_covered": 100.0, "percent_statements_covered_display": "100", "num_branches": 0, "num_partial_branches": 0, "covered_branches": 0, "missing_branches": 0, "percent_branches_covered": 100.0, "percent_branches_covered_display": "100"}, "missing_lines": [], "excluded_lines": [84, 85], "executed_branches": [], "missing_branches": []}, "derived_forcing": {"executed_lines": [119, 122, 136], "summary": {"covered_lines": 3, "num_statements": 4, "percent_covered": 66.66666666666667, "percent_covered_display": "67", "missing_lines": 1, "excluded_lines": 0, "percent_statements_covered": 75.0, "percent_statements_covered_display": "75", "num_branches": 2, "num_partial_branches": 1, "covered_branches": 1, "missing_branches": 1, "percent_branches_covered": 50.0, "percent_branches_covered_display": "50"}, "missing_lines": [120], "excluded_lines": [], "executed_branches": [[119, 122]], "missing_branches": [[119, 120]]}, "derived_forcing.decorator": {"executed_lines": [124, 132, 134], "summary": {"covered_lines": 3, "num_statements": 3, "percent_covered": 100.0, "percent_covered_display": "100", "missing_lines": 0, "excluded_lines": 0, "percent_statements_covered": 100.0, "percent_statements_covered_display": "100", "num_branches": 0, "num_partial_branches": 0, "covered_branches": 0, "missing_branches": 0, "percent_branches_covered": 100.0, "percent_branches_covered_display": "100"}, "missing_lines": [], "excluded_lines": [], "executed_branches": [], "missing_branches": []}, "resolve_dependencies": {"executed_lines": [174, 175, 177, 178, 179, 182, 183, 184, 185, 186, 189, 190, 192, 193, 194, 196, 197, 198, 199, 202, 203, 204, 205, 207], "summary": {"covered_lines": 24, "num_statements": 24, "percent_covered": 100.0, "percent_covered_display": "100", "missing_lines": 0, "excluded_lines": 0, "percent_statements_covered": 100.0, "percent_statements_covered_display": "100", "num_branches": 16, "num_partial_branches": 0, "covered_branches": 16, "missing_branches": 0, "percent_branches_covered": 100.0, "percent_branches_covered_display": "100"}, "missing_lines": [], "excluded_lines": [], "executed_branches": [[177, 178], [177, 182], [182, 183], [182, 189], [183, 182], [183, 184], [184, 183], [184, 185], [192, 193], [192, 202], [196, 192], [196, 197], [198, 196], [198, 199], [202, 203], [202, 207]], "missing_branches": []}, "": {"executed_lines": [1, 23, 24, 25, 27, 30, 31, 32, 54, 55, 56, 57, 59, 83, 88, 139], "summary": {"covered_lines": 13, "num_statements": 13, "percent_covered": 100.0, "percent_covered_display": "100", "missing_lines": 0, "excluded_lines": 1, "percent_statements_covered": 100.0, "percent_statements_covered_display": "100", "num_branches": 0, "num_partial_branches": 0, "covered_branches": 0, "missing_branches": 0, "percent_branches_covered": 100.0, "percent_branches_covered_display": "100"}, "missing_lines": [], "excluded_lines": [83], "executed_branches": [], "missing_branches": []}}, "classes": {"DerivedForcing": {"executed_lines": [73, 76, 79, 81], "summary": {"covered_lines": 4, "num_statements": 4, "percent_covered": 100.0, "percent_covered_display": "100", "missing_lines": 0, "excluded_lines": 2, "percent_statements_covered": 100.0, "percent_statements_covered_display": "100", "num_branches": 0, "num_partial_branches": 0, "covered_branches": 0, "missing_branches": 0, "percent_branches_covered": 100.0, "percent_branches_covered_display": "100"}, "missing_lines": [], "excluded_lines": [84, 85], "executed_branches": [], "missing_branches": []}, "": {"executed_lines": [1, 23, 24, 25, 27, 30, 31, 32, 54, 55, 56, 57, 59, 83, 88, 119, 122, 124, 132, 134, 136, 139, 174, 175, 177, 178, 179, 182, 183, 184, 185, 186, 189, 190, 192, 193, 194, 196, 197, 198, 199, 202, 203, 204, 205, 207], "summary": {"covered_lines": 43, "num_statements": 44, "percent_covered": 96.7741935483871, "percent_covered_display": "97", "missing_lines": 1, "excluded_lines": 1, "percent_statements_covered": 97.72727272727273, "percent_statements_covered_display": "98", "num_branches": 18, "num_partial_branches": 1, "covered_branches": 17, "missing_branches": 1, "percent_branches_covered": 94.44444444444444, "percent_branches_covered_display": "94"}, "missing_lines": [120], "excluded_lines": [83], "executed_branches": [[119, 122], [177, 178], [177, 182], [182, 183], [182, 189], [183, 182], [183, 184], [184, 183], [184, 185], [192, 193], [192, 202], [196, 192], [196, 197], [198, 196], [198, 199], [202, 203], [202, 207]], "missing_branches": [[119, 120]]}}}, "src/seapopym_message/forcing/io.py": {"executed_lines": [1, 8, 10, 13, 50], "summary": {"covered_lines": 4, "num_statements": 11, "percent_covered": 26.666666666666668, "percent_covered_display": "27", "missing_lines": 7, "excluded_lines": 0, "percent_statements_covered": 36.36363636363637, "percent_statements_covered_display": "36", "num_branches": 4, "num_partial_branches": 0, "covered_branches": 0, "missing_branches": 4, "percent_branches_covered": 0.0, "percent_branches_covered_display": "0"}, "missing_lines": [42, 44, 47, 76, 77, 78, 79], "excluded_lines": [], "executed_branches": [], "missing_branches": [[42, 44], [42, 47], [77, 78], [77, 79]], "functions": {"load_forcing_from_path": {"executed_lines": [], "summary": {"covered_lines": 0, "num_statements": 3, "percent_covered": 0.0, "percent_covered_display": "0", "missing_lines": 3, "excluded_lines": 0, "percent_statements_covered": 0.0, "percent_statements_covered_display": "0", "num_branches": 2, "num_partial_branches": 0, "covered_branches": 0, "missing_branches": 2, "percent_branches_covered": 0.0, "percent_branches_covered_display": "0"}, "missing_lines": [42, 44, 47], "excluded_lines": [], "executed_branches": [], "missing_branches": [[42, 44], [42, 47]]}, "load_forcings_from_paths": {"executed_lines": [], "summary": {"covered_lines": 0, "num_statements": 4, "percent_covered": 0.0, "percent_covered_display": "0", "missing_lines": 4, "excluded_lines": 0, "percent_statements_covered": 0.0, "percent_statements_covered_display": "0", "num_branches": 2, "num_partial_branches": 0, "covered_branches": 0, "missing_branches": 2, "percent_branches_covered": 0.0, "percent_branches_covered_display": "0"}, "missing_lines": [76, 77, 78, 79], "excluded_lines": [], "executed_branches": [], "missing_branches": [[77, 78], [77, 79]]}, "": {"executed_lines": [1, 8, 10, 13, 50], "summary": {"covered_lines": 4, "num_statements": 4, "percent_covered": 100.0, "percent_covered_display": "100", "missing_lines": 0, "excluded_lines": 0, "percent_statements_covered": 100.0, "percent_statements_covered_display": "100", "num_branches": 0, "num_partial_branches": 0, "covered_branches": 0, "missing_branches": 0, "percent_branches_covered": 100.0, "percent_branches_covered_display": "100"}, "missing_lines": [], "excluded_lines": [], "executed_branches": [], "missing_branches": []}}, "classes": {"": {"executed_lines": [1, 8, 10, 13, 50], "summary": {"covered_lines": 4, "num_statements": 11, "percent_covered": 26.666666666666668, "percent_covered_display": "27", "missing_lines": 7, "excluded_lines": 0, "percent_statements_covered": 36.36363636363637, "percent_statements_covered_display": "36", "num_branches": 4, "num_partial_branches": 0, "covered_branches": 0, "missing_branches": 4, "percent_branches_covered": 0.0, "percent_branches_covered_display": "0"}, "missing_lines": [42, 44, 47, 76, 77, 78, 79], "excluded_lines": [], "executed_branches": [], "missing_branches": [[42, 44], [42, 47], [77, 78], [77, 79]]}}}, "src/seapopym_message/forcing/manager.py": {"executed_lines": [1, 22, 24, 25, 26, 28, 31, 32, 60, 71, 75, 78, 80, 98, 99, 100, 102, 103, 107, 110, 111, 114, 116, 118, 143, 144, 146, 149, 151, 155, 156, 161, 164, 165, 167, 168, 169, 171, 173, 193, 194, 198, 201, 204, 206, 208, 228, 230], "summary": {"covered_lines": 45, "num_statements": 47, "percent_covered": 92.06349206349206, "percent_covered_display": "92", "missing_lines": 2, "excluded_lines": 5, "percent_statements_covered": 95.74468085106383, "percent_statements_covered_display": "96", "num_branches": 16, "num_partial_branches": 3, "covered_branches": 13, "missing_branches": 3, "percent_branches_covered": 81.25, "percent_branches_covered_display": "81"}, "missing_lines": [159, 195], "excluded_lines": [230, 231, 232, 233, 234], "executed_branches": [[102, 103], [102, 110], [110, 111], [143, 144], [143, 146], [149, 151], [149, 164], [155, 156], [164, 165], [164, 171], [167, 168], [167, 171], [194, 198]], "missing_branches": [[110, 114], [155, 159], [194, 195]], "functions": {"ForcingManager.__init__": {"executed_lines": [71, 75, 78], "summary": {"covered_lines": 3, "num_statements": 3, "percent_covered": 100.0, "percent_covered_display": "100", "missing_lines": 0, "excluded_lines": 0, "percent_statements_covered": 100.0, "percent_statements_covered_display": "100", "num_branches": 0, "num_partial_branches": 0, "covered_branches": 0, "missing_branches": 0, "percent_branches_covered": 100.0, "percent_branches_covered_display": "100"}, "missing_lines": [], "excluded_lines": [], "executed_branches": [], "missing_branches": []}, "ForcingManager._interpolate_time": {"executed_lines": [98, 99, 100, 102, 103, 107, 110, 111, 114, 116], "summary": {"covered_lines": 10, "num_statements": 10, "percent_covered": 92.85714285714286, "percent_covered_display": "93", "missing_lines": 0, "excluded_lines": 0, "percent_statements_covered": 100.0, "percent_statements_covered_display": "100", "num_branches": 4, "num_partial_branches": 1, "covered_branches": 3, "missing_branches": 1, "percent_branches_covered": 75.0, "percent_branches_covered_display": "75"}, "missing_lines": [], "excluded_lines": [], "executed_branches": [[102, 103], [102, 110], [110, 111]], "missing_branches": [[110, 114]]}, "ForcingManager.prepare_timestep": {"executed_lines": [143, 144, 146, 149, 151, 155, 156, 161, 164, 165, 167, 168, 169, 171], "summary": {"covered_lines": 14, "num_statements": 15, "percent_covered": 92.0, "percent_covered_display": "92", "missing_lines": 1, "excluded_lines": 0, "percent_statements_covered": 93.33333333333333, "percent_statements_covered_display": "93", "num_branches": 10, "num_partial_branches": 1, "covered_branches": 9, "missing_branches": 1, "percent_branches_covered": 90.0, "percent_branches_covered_display": "90"}, "missing_lines": [159], "excluded_lines": [], "executed_branches": [[143, 144], [143, 146], [149, 151], [149, 164], [155, 156], [164, 165], [164, 171], [167, 168], [167, 171]], "missing_branches": [[155, 159]]}, "ForcingManager.prepare_timestep_distributed": {"executed_lines": [193, 194, 198, 201, 204, 206], "summary": {"covered_lines": 6, "num_statements": 7, "percent_covered": 77.77777777777777, "percent_covered_display": "78", "missing_lines": 1, "excluded_lines": 0, "percent_statements_covered": 85.71428571428571, "percent_statements_covered_display": "86", "num_branches": 2, "num_partial_branches": 1, "covered_branches": 1, "missing_branches": 1, "percent_branches_covered": 50.0, "percent_branches_covered_display": "50"}, "missing_lines": [195], "excluded_lines": [], "executed_branches": [[194, 198]], "missing_branches": [[194, 195]]}, "ForcingManager.register_derived": {"executed_lines": [228], "summary": {"covered_lines": 1, "num_statements": 1, "percent_covered": 100.0, "percent_covered_display": "100", "missing_lines": 0, "excluded_lines": 0, "percent_statements_covered": 100.0, "percent_statements_covered_display": "100", "num_branches": 0, "num_partial_branches": 0, "covered_branches": 0, "missing_branches": 0, "percent_branches_covered": 100.0, "percent_branches_covered_display": "100"}, "missing_lines": [], "excluded_lines": [], "executed_branches": [], "missing_branches": []}, "ForcingManager.__repr__": {"executed_lines": [], "summary": {"covered_lines": 0, "num_statements": 0, "percent_covered": 100.0, "percent_covered_display": "100", "missing_lines": 0, "excluded_lines": 4, "percent_statements_covered": 100.0, "percent_statements_covered_display": "100", "num_branches": 0, "num_partial_branches": 0, "covered_branches": 0, "missing_branches": 0, "percent_branches_covered": 100.0, "percent_branches_covered_display": "100"}, "missing_lines": [], "excluded_lines": [231, 232, 233, 234], "executed_branches": [], "missing_branches": []}, "": {"executed_lines": [1, 22, 24, 25, 26, 28, 31, 32, 60, 80, 118, 173, 208, 230], "summary": {"covered_lines": 11, "num_statements": 11, "percent_covered": 100.0, "percent_covered_display": "100", "missing_lines": 0, "excluded_lines": 1, "percent_statements_covered": 100.0, "percent_statements_covered_display": "100", "num_branches": 0, "num_partial_branches": 0, "covered_branches": 0, "missing_branches": 0, "percent_branches_covered": 100.0, "percent_branches_covered_display": "100"}, "missing_lines": [], "excluded_lines": [230], "executed_branches": [], "missing_branches": []}}, "classes": {"ForcingManager": {"executed_lines": [71, 75, 78, 98, 99, 100, 102, 103, 107, 110, 111, 114, 116, 143, 144, 146, 149, 151, 155, 156, 161, 164, 165, 167, 168, 169, 171, 193, 194, 198, 201, 204, 206, 228], "summary": {"covered_lines": 34, "num_statements": 36, "percent_covered": 90.38461538461539, "percent_covered_display": "90", "missing_lines": 2, "excluded_lines": 4, "percent_statements_covered": 94.44444444444444, "percent_statements_covered_display": "94", "num_branches": 16, "num_partial_branches": 3, "covered_branches": 13, "missing_branches": 3, "percent_branches_covered": 81.25, "percent_branches_covered_display": "81"}, "missing_lines": [159, 195], "excluded_lines": [231, 232, 233, 234], "executed_branches": [[102, 103], [102, 110], [110, 111], [143, 144], [143, 146], [149, 151], [149, 164], [155, 156], [164, 165], [164, 171], [167, 168], [167, 171], [194, 198]], "missing_branches": [[110, 114], [155, 159], [194, 195]]}, "": {"executed_lines": [1, 22, 24, 25, 26, 28, 31, 32, 60, 80, 118, 173, 208, 230], "summary": {"covered_lines": 11, "num_statements": 11, "percent_covered": 100.0, "percent_covered_display": "100", "missing_lines": 0, "excluded_lines": 1, "percent_statements_covered": 100.0, "percent_statements_covered_display": "100", "num_branches": 0, "num_partial_branches": 0, "covered_branches": 0, "missing_branches": 0, "percent_branches_covered": 100.0, "percent_branches_covered_display": "100"}, "missing_lines": [], "excluded_lines": [230], "executed_branches": [], "missing_branches": []}}}, "src/seapopym_message/kernels/__init__.py": {"executed_lines": [1, 7, 14], "summary": {"covered_lines": 2, "num_statements": 2, "percent_covered": 100.0, "percent_covered_display": "100", "missing_lines": 0, "excluded_lines": 0, "percent_statements_covered": 100.0, "percent_statements_covered_display": "100", "num_branches": 0, "num_partial_branches": 0, "covered_branches": 0, "missing_branches": 0, "percent_branches_covered": 100.0, "percent_branches_covered_display": "100"}, "missing_lines": [], "excluded_lines": [], "executed_branches": [], "missing_branches": [], "functions": {"": {"executed_lines": [1, 7, 14], "summary": {"covered_lines": 2, "num_statements": 2, "percent_covered": 100.0, "percent_covered_display": "100", "missing_lines": 0, "excluded_lines": 0, "percent_statements_covered": 100.0, "percent_statements_covered_display": "100", "num_branches": 0, "num_partial_branches": 0, "covered_branches": 0, "missing_branches": 0, "percent_branches_covered": 100.0, "percent_branches_covered_display": "100"}, "missing_lines": [], "excluded_lines": [], "executed_branches": [], "missing_branches": []}}, "classes": {"": {"executed_lines": [1, 7, 14], "summary": {"covered_lines": 2, "num_statements": 2, "percent_covered": 100.0, "percent_covered_display": "100", "missing_lines": 0, "excluded_lines": 0, "percent_statements_covered": 100.0, "percent_statements_covered_display": "100", "num_branches": 0, "num_partial_branches": 0, "covered_branches": 0, "missing_branches": 0, "percent_branches_covered": 100.0, "percent_branches_covered_display": "100"}, "missing_lines": [], "excluded_lines": [], "executed_branches": [], "missing_branches": []}}}, "src/seapopym_message/kernels/biology.py": {"executed_lines": [1, 12, 14, 17, 18, 35, 38, 41, 60, 63, 70, 97, 100, 107, 123], "summary": {"covered_lines": 14, "num_statements": 14, "percent_covered": 100.0, "percent_covered_display": "100", "missing_lines": 0, "excluded_lines": 0, "percent_statements
[...]
hes_covered": 75.0, "percent_branches_covered_display": "75"}, "missing_lines": [145, 150], "excluded_lines": [], "executed_branches": [[144, 149], [149, 156], [161, 162], [161, 197], [162, 161], [162, 163]], "missing_branches": [[144, 145], [149, 150]]}, "": {"executed_lines": [1, 8, 114], "summary": {"covered_lines": 2, "num_statements": 2, "percent_covered": 100.0, "percent_covered_display": "100", "missing_lines": 0, "excluded_lines": 0, "percent_statements_covered": 100.0, "percent_statements_covered_display": "100", "num_branches": 0, "num_partial_branches": 0, "covered_branches": 0, "missing_branches": 0, "percent_branches_covered": 100.0, "percent_branches_covered_display": "100"}, "missing_lines": [], "excluded_lines": [], "executed_branches": [], "missing_branches": []}}, "classes": {"": {"executed_lines": [1, 8, 56, 57, 61, 62, 68, 69, 71, 73, 74, 76, 79, 80, 83, 84, 87, 98, 111, 114, 144, 149, 156, 157, 159, 161, 162, 163, 165, 166, 168, 169, 172, 173, 175, 184, 197], "summary": {"covered_lines": 36, "num_statements": 38, "percent_covered": 92.5925925925926, "percent_covered_display": "93", "missing_lines": 2, "excluded_lines": 0, "percent_statements_covered": 94.73684210526316, "percent_statements_covered_display": "95", "num_branches": 16, "num_partial_branches": 2, "covered_branches": 14, "missing_branches": 2, "percent_branches_covered": 87.5, "percent_branches_covered_display": "88"}, "missing_lines": [145, 150], "excluded_lines": [], "executed_branches": [[56, 57], [56, 61], [61, 62], [61, 68], [73, 74], [73, 111], [74, 73], [74, 76], [144, 149], [149, 156], [161, 162], [161, 197], [162, 161], [162, 163]], "missing_branches": [[144, 145], [149, 150]]}}}, "src/seapopym_message/utils/grid.py": {"executed_lines": [1, 8, 9, 11, 14, 15, 16, 26, 27, 30, 31, 32, 57, 58, 59, 60, 62, 63, 69, 71, 72, 78, 80, 81, 87, 89, 90, 96, 98, 99, 108, 110, 111, 121, 123, 124, 126, 140, 141, 142, 143, 145, 147, 155, 156, 157, 177, 178, 180, 181, 189, 190, 198, 199, 207, 208, 216], "summary": {"covered_lines": 50, "num_statements": 54, "percent_covered": 92.5925925925926, "percent_covered_display": "93", "missing_lines": 4, "excluded_lines": 15, "percent_statements_covered": 92.5925925925926, "percent_statements_covered_display": "93", "num_branches": 0, "num_partial_branches": 0, "covered_branches": 0, "missing_branches": 0, "percent_branches_covered": 100.0, "percent_branches_covered_display": "100"}, "missing_lines": [187, 196, 205, 214], "excluded_lines": [145, 146, 147, 148, 149, 150, 151, 152, 216, 217, 218, 219, 220, 221, 222], "executed_branches": [], "missing_branches": [], "functions": {"SphericalGridInfo.lat_coords": {"executed_lines": [69], "summary": {"covered_lines": 1, "num_statements": 1, "percent_covered": 100.0, "percent_covered_display": "100", "missing_lines": 0, "excluded_lines": 0, "percent_statements_covered": 100.0, "percent_statements_covered_display": "100", "num_branches": 0, "num_partial_branches": 0, "covered_branches": 0, "missing_branches": 0, "percent_branches_covered": 100.0, "percent_branches_covered_display": "100"}, "missing_lines": [], "excluded_lines": [], "executed_branches": [], "missing_branches": []}, "SphericalGridInfo.lon_coords": {"executed_lines": [78], "summary": {"covered_lines": 1, "num_statements": 1, "percent_covered": 100.0, "percent_covered_display": "100", "missing_lines": 0, "excluded_lines": 0, "percent_statements_covered": 100.0, "percent_statements_covered_display": "100", "num_branches": 0, "num_partial_branches": 0, "covered_branches": 0, "missing_branches": 0, "percent_branches_covered": 100.0, "percent_branches_covered_display": "100"}, "missing_lines": [], "excluded_lines": [], "executed_branches": [], "missing_branches": []}, "SphericalGridInfo.dlat": {"executed_lines": [87], "summary": {"covered_lines": 1, "num_statements": 1, "percent_covered": 100.0, "percent_covered_display": "100", "missing_lines": 0, "excluded_lines": 0, "percent_statements_covered": 100.0, "percent_statements_covered_display": "100", "num_branches": 0, "num_partial_branches": 0, "covered_branches": 0, "missing_branches": 0, "percent_branches_covered": 100.0, "percent_branches_covered_display": "100"}, "missing_lines": [], "excluded_lines": [], "executed_branches": [], "missing_branches": []}, "SphericalGridInfo.dlon": {"executed_lines": [96], "summary": {"covered_lines": 1, "num_statements": 1, "percent_covered": 100.0, "percent_covered_display": "100", "missing_lines": 0, "excluded_lines": 0, "percent_statements_covered": 100.0, "percent_statements_covered_display": "100", "num_branches": 0, "num_partial_branches": 0, "covered_branches": 0, "missing_branches": 0, "percent_branches_covered": 100.0, "percent_branches_covered_display": "100"}, "missing_lines": [], "excluded_lines": [], "executed_branches": [], "missing_branches": []}, "SphericalGridInfo.dy": {"executed_lines": [108], "summary": {"covered_lines": 1, "num_statements": 1, "percent_covered": 100.0, "percent_covered_display": "100", "missing_lines": 0, "excluded_lines": 0, "percent_statements_covered": 100.0, "percent_statements_covered_display": "100", "num_branches": 0, "num_partial_branches": 0, "covered_branches": 0, "missing_branches": 0, "percent_branches_covered": 100.0, "percent_branches_covered_display": "100"}, "missing_lines": [], "excluded_lines": [], "executed_branches": [], "missing_branches": []}, "SphericalGridInfo.dx": {"executed_lines": [121, 123, 124], "summary": {"covered_lines": 3, "num_statements": 3, "percent_covered": 100.0, "percent_covered_display": "100", "missing_lines": 0, "excluded_lines": 0, "percent_statements_covered": 100.0, "percent_statements_covered_display": "100", "num_branches": 0, "num_partial_branches": 0, "covered_branches": 0, "missing_branches": 0, "percent_branches_covered": 100.0, "percent_branches_covered_display": "100"}, "missing_lines": [], "excluded_lines": [], "executed_branches": [], "missing_branches": []}, "SphericalGridInfo.get_meshgrid": {"executed_lines": [140, 141, 142, 143], "summary": {"covered_lines": 4, "num_statements": 4, "percent_covered": 100.0, "percent_covered_display": "100", "missing_lines": 0, "excluded_lines": 0, "percent_statements_covered": 100.0, "percent_statements_covered_display": "100", "num_branches": 0, "num_partial_branches": 0, "covered_branches": 0, "missing_branches": 0, "percent_branches_covered": 100.0, "percent_branches_covered_display": "100"}, "missing_lines": [], "excluded_lines": [], "executed_branches": [], "missing_branches": []}, "SphericalGridInfo.__repr__": {"executed_lines": [147], "summary": {"covered_lines": 0, "num_statements": 0, "percent_covered": 100.0, "percent_covered_display": "100", "missing_lines": 0, "excluded_lines": 7, "percent_statements_covered": 100.0, "percent_statements_covered_display": "100", "num_branches": 0, "num_partial_branches": 0, "covered_branches": 0, "missing_branches": 0, "percent_branches_covered": 100.0, "percent_branches_covered_display": "100"}, "missing_lines": [], "excluded_lines": [146, 147, 148, 149, 150, 151, 152], "executed_branches": [], "missing_branches": []}, "PlaneGridInfo.total_area": {"executed_lines": [], "summary": {"covered_lines": 0, "num_statements": 1, "percent_covered": 0.0, "percent_covered_display": "0", "missing_lines": 1, "excluded_lines": 0, "percent_statements_covered": 0.0, "percent_statements_covered_display": "0", "num_branches": 0, "num_partial_branches": 0, "covered_branches": 0, "missing_branches": 0, "percent_branches_covered": 100.0, "percent_branches_covered_display": "100"}, "missing_lines": [187], "excluded_lines": [], "executed_branches": [], "missing_branches": []}, "PlaneGridInfo.total_area_km2": {"executed_lines": [], "summary": {"covered_lines": 0, "num_statements": 1, "percent_covered": 0.0, "percent_covered_display": "0", "missing_lines": 1, "excluded_lines": 0, "percent_statements_covered": 0.0, "percent_statements_covered_display": "0", "num_branches": 0, "num_partial_branches": 0, "covered_branches": 0, "missing_branches": 0, "percent_branches_covered": 100.0, "percent_branches_covered_display": "100"}, "missing_lines": [196], "excluded_lines": [], "executed_branches": [], "missing_branches": []}, "PlaneGridInfo.domain_length_x": {"executed_lines": [], "summary": {"covered_lines": 0, "num_statements": 1, "percent_covered": 0.0, "percent_covered_display": "0", "missing_lines": 1, "excluded_lines": 0, "percent_statements_covered": 0.0, "percent_statements_covered_display": "0", "num_branches": 0, "num_partial_branches": 0, "covered_branches": 0, "missing_branches": 0, "percent_branches_covered": 100.0, "percent_branches_covered_display": "100"}, "missing_lines": [205], "excluded_lines": [], "executed_branches": [], "missing_branches": []}, "PlaneGridInfo.domain_length_y": {"executed_lines": [], "summary": {"covered_lines": 0, "num_statements": 1, "percent_covered": 0.0, "percent_covered_display": "0", "missing_lines": 1, "excluded_lines": 0, "percent_statements_covered": 0.0, "percent_statements_covered_display": "0", "num_branches": 0, "num_partial_branches": 0, "covered_branches": 0, "missing_branches": 0, "percent_branches_covered": 100.0, "percent_branches_covered_display": "100"}, "missing_lines": [214], "excluded_lines": [], "executed_branches": [], "missing_branches": []}, "PlaneGridInfo.__repr__": {"executed_lines": [], "summary": {"covered_lines": 0, "num_statements": 0, "percent_covered": 100.0, "percent_covered_display": "100", "missing_lines": 0, "excluded_lines": 6, "percent_statements_covered": 100.0, "percent_statements_covered_display": "100", "num_branches": 0, "num_partial_branches": 0, "covered_branches": 0, "missing_branches": 0, "percent_branches_covered": 100.0, "percent_branches_covered_display": "100"}, "missing_lines": [], "excluded_lines": [217, 218, 219, 220, 221, 222], "executed_branches": [], "missing_branches": []}, "": {"executed_lines": [1, 8, 9, 11, 14, 15, 16, 26, 27, 30, 31, 32, 57, 58, 59, 60, 62, 63, 71, 72, 80, 81, 89, 90, 98, 99, 110, 111, 126, 145, 155, 156, 157, 177, 178, 180, 181, 189, 190, 198, 199, 207, 208, 216], "summary": {"covered_lines": 38, "num_statements": 38, "percent_covered": 100.0, "percent_covered_display": "100", "missing_lines": 0, "excluded_lines": 2, "percent_statements_covered": 100.0, "percent_statements_covered_display": "100", "num_branches": 0, "num_partial_branches": 0, "covered_branches": 0, "missing_branches": 0, "percent_branches_covered": 100.0, "percent_branches_covered_display": "100"}, "missing_lines": [], "excluded_lines": [145, 216], "executed_branches": [], "missing_branches": []}}, "classes": {"GridInfo": {"executed_lines": [], "summary": {"covered_lines": 0, "num_statements": 0, "percent_covered": 100.0, "percent_covered_display": "100", "missing_lines": 0, "excluded_lines": 0, "percent_statements_covered": 100.0, "percent_statements_covered_display": "100", "num_branches": 0, "num_partial_branches": 0, "covered_branches": 0, "missing_branches": 0, "percent_branches_covered": 100.0, "percent_branches_covered_display": "100"}, "missing_lines": [], "excluded_lines": [], "executed_branches": [], "missing_branches": []}, "SphericalGridInfo": {"executed_lines": [69, 78, 87, 96, 108, 121, 123, 124, 140, 141, 142, 143, 147], "summary": {"covered_lines": 12, "num_statements": 12, "percent_covered": 100.0, "percent_covered_display": "100", "missing_lines": 0, "excluded_lines": 7, "percent_statements_covered": 100.0, "percent_statements_covered_display": "100", "num_branches": 0, "num_partial_branches": 0, "covered_branches": 0, "missing_branches": 0, "percent_branches_covered": 100.0, "percent_branches_covered_display": "100"}, "missing_lines": [], "excluded_lines": [146, 147, 148, 149, 150, 151, 152], "executed_branches": [], "missing_branches": []}, "PlaneGridInfo": {"executed_lines": [], "summary": {"covered_lines": 0, "num_statements": 4, "percent_covered": 0.0, "percent_covered_display": "0", "missing_lines": 4, "excluded_lines": 6, "percent_statements_covered": 0.0, "percent_statements_covered_display": "0", "num_branches": 0, "num_partial_branches": 0, "covered_branches": 0, "missing_branches": 0, "percent_branches_covered": 100.0, "percent_branches_covered_display": "100"}, "missing_lines": [187, 196, 205, 214], "excluded_lines": [217, 218, 219, 220, 221, 222], "executed_branches": [], "missing_branches": []}, "": {"executed_lines": [1, 8, 9, 11, 14, 15, 16, 26, 27, 30, 31, 32, 57, 58, 59, 60, 62, 63, 71, 72, 80, 81, 89, 90, 98, 99, 110, 111, 126, 145, 155, 156, 157, 177, 178, 180, 181, 189, 190, 198, 199, 207, 208, 216], "summary": {"covered_lines": 38, "num_statements": 38, "percent_covered": 100.0, "percent_covered_display": "100", "missing_lines": 0, "excluded_lines": 2, "percent_statements_covered": 100.0, "percent_statements_covered_display": "100", "num_branches": 0, "num_partial_branches": 0, "covered_branches": 0, "missing_branches": 0, "percent_branches_covered": 100.0, "percent_branches_covered_display": "100"}, "missing_lines": [], "excluded_lines": [145, 216], "executed_branches": [], "missing_branches": []}}}, "src/seapopym_message/visualization.py": {"executed_lines": [1, 7, 9, 10, 11, 12, 13, 15, 18, 61, 127, 175, 234], "summary": {"covered_lines": 12, "num_statements": 94, "percent_covered": 12.0, "percent_covered_display": "12", "missing_lines": 82, "excluded_lines": 0, "percent_statements_covered": 12.76595744680851, "percent_statements_covered_display": "13", "num_branches": 6, "num_partial_branches": 0, "covered_branches": 0, "missing_branches": 6, "percent_branches_covered": 0.0, "percent_branches_covered_display": "0"}, "missing_lines": [39, 40, 41, 42, 45, 48, 49, 51, 52, 53, 54, 55, 57, 58, 91, 94, 95, 98, 101, 112, 113, 116, 117, 118, 121, 123, 124, 149, 150, 152, 155, 156, 159, 160, 161, 162, 165, 166, 167, 168, 169, 171, 172, 205, 206, 207, 210, 211, 212, 214, 216, 217, 218, 220, 222, 223, 224, 225, 227, 229, 231, 254, 255, 257, 258, 260, 262, 263, 264, 265, 267, 268, 269, 270, 272, 273, 275, 276, 278, 279, 281, 282], "excluded_lines": [], "executed_branches": [], "missing_branches": [[257, 258], [257, 260], [262, 263], [262, 278], [267, 262], [267, 268]], "functions": {"plot_diagnostics_timeseries": {"executed_lines": [], "summary": {"covered_lines": 0, "num_statements": 14, "percent_covered": 0.0, "percent_covered_display": "0", "missing_lines": 14, "excluded_lines": 0, "percent_statements_covered": 0.0, "percent_statements_covered_display": "0", "num_branches": 0, "num_partial_branches": 0, "covered_branches": 0, "missing_branches": 0, "percent_branches_covered": 100.0, "percent_branches_covered_display": "100"}, "missing_lines": [39, 40, 41, 42, 45, 48, 49, 51, 52, 53, 54, 55, 57, 58], "excluded_lines": [], "executed_branches": [], "missing_branches": []}, "plot_spatial_field": {"executed_lines": [], "summary": {"covered_lines": 0, "num_statements": 13, "percent_covered": 0.0, "percent_covered_display": "0", "missing_lines": 13, "excluded_lines": 0, "percent_statements_covered": 0.0, "percent_statements_covered_display": "0", "num_branches": 0, "num_partial_branches": 0, "covered_branches": 0, "missing_branches": 0, "percent_branches_covered": 100.0, "percent_branches_covered_display": "100"}, "missing_lines": [91, 94, 95, 98, 101, 112, 113, 116, 117, 118, 121, 123, 124], "excluded_lines": [], "executed_branches": [], "missing_branches": []}, "plot_convergence": {"executed_lines": [], "summary": {"covered_lines": 0, "num_statements": 16, "percent_covered": 0.0, "percent_covered_display": "0", "missing_lines": 16, "excluded_lines": 0, "percent_statements_covered": 0.0, "percent_statements_covered_display": "0", "num_branches": 0, "num_partial_branches": 0, "covered_branches": 0, "missing_branches": 0, "percent_branches_covered": 100.0, "percent_branches_covered_display": "100"}, "missing_lines": [149, 150, 152, 155, 156, 159, 160, 161, 162, 165, 166, 167, 168, 169, 171, 172], "excluded_lines": [], "executed_branches": [], "missing_branches": []}, "create_animation": {"executed_lines": [], "summary": {"covered_lines": 0, "num_statements": 10, "percent_covered": 0.0, "percent_covered_display": "0", "missing_lines": 10, "excluded_lines": 0, "percent_statements_covered": 0.0, "percent_statements_covered_display": "0", "num_branches": 0, "num_partial_branches": 0, "covered_branches": 0, "missing_branches": 0, "percent_branches_covered": 100.0, "percent_branches_covered_display": "100"}, "missing_lines": [205, 206, 207, 210, 211, 212, 214, 216, 229, 231], "excluded_lines": [], "executed_branches": [], "missing_branches": []}, "create_animation.update": {"executed_lines": [], "summary": {"covered_lines": 0, "num_statements": 8, "percent_covered": 0.0, "percent_covered_display": "0", "missing_lines": 8, "excluded_lines": 0, "percent_statements_covered": 0.0, "percent_statements_covered_display": "0", "num_branches": 0, "num_partial_branches": 0, "covered_branches": 0, "missing_branches": 0, "percent_branches_covered": 100.0, "percent_branches_covered_display": "100"}, "missing_lines": [217, 218, 220, 222, 223, 224, 225, 227], "excluded_lines": [], "executed_branches": [], "missing_branches": []}, "plot_multi_variable": {"executed_lines": [], "summary": {"covered_lines": 0, "num_statements": 21, "percent_covered": 0.0, "percent_covered_display": "0", "missing_lines": 21, "excluded_lines": 0, "percent_statements_covered": 0.0, "percent_statements_covered_display": "0", "num_branches": 6, "num_partial_branches": 0, "covered_branches": 0, "missing_branches": 6, "percent_branches_covered": 0.0, "percent_branches_covered_display": "0"}, "missing_lines": [254, 255, 257, 258, 260, 262, 263, 264, 265, 267, 268, 269, 270, 272, 273, 275, 276, 278, 279, 281, 282], "excluded_lines": [], "executed_branches": [], "missing_branches": [[257, 258], [257, 260], [262, 263], [262, 278], [267, 262], [267, 268]]}, "": {"executed_lines": [1, 7, 9, 10, 11, 12, 13, 15, 18, 61, 127, 175, 234], "summary": {"covered_lines": 12, "num_statements": 12, "percent_covered": 100.0, "percent_covered_display": "100", "missing_lines": 0, "excluded_lines": 0, "percent_statements_covered": 100.0, "percent_statements_covered_display": "100", "num_branches": 0, "num_partial_branches": 0, "covered_branches": 0, "missing_branches": 0, "percent_branches_covered": 100.0, "percent_branches_covered_display": "100"}, "missing_lines": [], "excluded_lines": [], "executed_branches": [], "missing_branches": []}}, "classes": {"": {"executed_lines": [1, 7, 9, 10, 11, 12, 13, 15, 18, 61, 127, 175, 234], "summary": {"covered_lines": 12, "num_statements": 94, "percent_covered": 12.0, "percent_covered_display": "12", "missing_lines": 82, "excluded_lines": 0, "percent_statements_covered": 12.76595744680851, "percent_statements_covered_display": "13", "num_branches": 6, "num_partial_branches": 0, "covered_branches": 0, "missing_branches": 6, "percent_branches_covered": 0.0, "percent_branches_covered_display": "0"}, "missing_lines": [39, 40, 41, 42, 45, 48, 49, 51, 52, 53, 54, 55, 57, 58, 91, 94, 95, 98, 101, 112, 113, 116, 117, 118, 121, 123, 124, 149, 150, 152, 155, 156, 159, 160, 161, 162, 165, 166, 167, 168, 169, 171, 172, 205, 206, 207, 210, 211, 212, 214, 216, 217, 218, 220, 222, 223, 224, 225, 227, 229, 231, 254, 255, 257, 258, 260, 262, 263, 264, 265, 267, 268, 269, 270, 272, 273, 275, 276, 278, 279, 281, 282], "excluded_lines": [], "executed_branches": [], "missing_branches": [[257, 258], [257, 260], [262, 263], [262, 278], [267, 262], [267, 268]]}}}}, "totals": {"covered_lines": 905, "num_statements": 1196, "percent_covered": 73.43342036553524, "percent_covered_display": "73", "missing_lines": 291, "excluded_lines": 76, "percent_statements_covered": 75.66889632107024, "percent_statements_covered_display": "76", "num_branches": 336, "num_partial_branches": 44, "covered_branches": 220, "missing_branches": 116, "percent_branches_covered": 65.47619047619048, "percent_branches_covered_display": "65"}}
